2023-06-10 22:06:487 INFO  HomePage :24 - Clicking on sign up link: [[ChromeDriver: chrome on WINDOWS (a463669b6e9c43d908a36ab0f85f09fb)] -> link text: Sign Up]
2023-06-11 08:06:756 INFO  HomePage :27 - Clicking on sign up link: [[ChromeDriver: chrome on WINDOWS (2a9b63e79eea6110394d6a2136b27773)] -> link text: Sign Up]
2023-06-11 08:06:519 INFO  HomePage :27 - Clicking on sign up link: [[ChromeDriver: chrome on WINDOWS (f79369febde343d5c00596a6ba3ffc52)] -> link text: Sign Up]
2023-06-11 13:06:911 INFO  HomePage :27 - Clicking on sign up link: [[ChromeDriver: chrome on WINDOWS (eb26b110395ffd83b25941ee2888b0ea)] -> link text: Sign Up]
2023-06-11 13:06:170 INFO  AccountPage :71 - Enter first name Maria to firstName field [[ChromeDriver: chrome on WINDOWS (eb26b110395ffd83b25941ee2888b0ea)] -> id: first_name]
2023-06-11 13:06:898 INFO  AccountPage :77 - Enter last name Maria to lastName field [[ChromeDriver: chrome on WINDOWS (eb26b110395ffd83b25941ee2888b0ea)] -> id: last_name]
2023-06-11 13:06:550 INFO  AccountPage :83 - Clicking on continue tab on account page: [[ChromeDriver: chrome on WINDOWS (eb26b110395ffd83b25941ee2888b0ea)] -> xpath: //span[contains(text(),'Continue')]]
2023-06-11 13:06:449 INFO  AccountPage :88 - Clicking on female tab on account page: [[ChromeDriver: chrome on WINDOWS (eb26b110395ffd83b25941ee2888b0ea)] -> xpath: //label[normalize-space()='Female']]
2023-06-11 13:06:661 INFO  AccountPage :104 - Enter email null to email field [[ChromeDriver: chrome on WINDOWS (eb26b110395ffd83b25941ee2888b0ea)] -> id: regpath_form_email_input]
2023-06-11 13:06:357 INFO  HomePage :27 - Clicking on sign up link: [[ChromeDriver: chrome on WINDOWS (16f15ef5b617f514358405e7d18c2006)] -> link text: Sign Up]
2023-06-11 13:06:487 INFO  AccountPage :71 - Enter first name Maria to firstName field [[ChromeDriver: chrome on WINDOWS (16f15ef5b617f514358405e7d18c2006)] -> id: first_name]
2023-06-11 13:06:405 INFO  AccountPage :77 - Enter last name Maria to lastName field [[ChromeDriver: chrome on WINDOWS (16f15ef5b617f514358405e7d18c2006)] -> id: last_name]
2023-06-11 13:06:847 INFO  AccountPage :83 - Clicking on continue tab on account page: [[ChromeDriver: chrome on WINDOWS (16f15ef5b617f514358405e7d18c2006)] -> xpath: //span[contains(text(),'Continue')]]
2023-06-11 13:06:261 INFO  AccountPage :88 - Clicking on female tab on account page: [[ChromeDriver: chrome on WINDOWS (16f15ef5b617f514358405e7d18c2006)] -> xpath: //label[normalize-space()='Female']]
2023-06-11 13:06:473 INFO  AccountPage :99 - Enter email [[ChromeDriver: chrome on WINDOWS (16f15ef5b617f514358405e7d18c2006)] -> id: regpath_form_email_input]
2023-06-11 13:06:756 INFO  AccountPage :109 - Enter password Mariasmith@123 to password field [[ChromeDriver: chrome on WINDOWS (16f15ef5b617f514358405e7d18c2006)] -> id: password]
2023-06-11 13:06:181 INFO  AccountPage :115 - Enter mobile number 09825655114 to mobile number field [[ChromeDriver: chrome on WINDOWS (16f15ef5b617f514358405e7d18c2006)] -> xpath: //label[contains(text(),'Mobile Number')]]
2023-06-11 13:06:583 INFO  HomePage :27 - Clicking on sign up link: [[ChromeDriver: chrome on WINDOWS (aa14b378f4c269377b12543afe816635)] -> link text: Sign Up]
2023-06-11 13:06:248 INFO  AccountPage :71 - Enter first name Maria to firstName field [[ChromeDriver: chrome on WINDOWS (aa14b378f4c269377b12543afe816635)] -> id: first_name]
2023-06-11 13:06:850 INFO  AccountPage :77 - Enter last name Maria to lastName field [[ChromeDriver: chrome on WINDOWS (aa14b378f4c269377b12543afe816635)] -> id: last_name]
2023-06-11 13:06:705 INFO  AccountPage :83 - Clicking on continue tab on account page: [[ChromeDriver: chrome on WINDOWS (aa14b378f4c269377b12543afe816635)] -> xpath: //span[contains(text(),'Continue')]]
2023-06-11 13:06:334 INFO  AccountPage :88 - Clicking on female tab on account page: [[ChromeDriver: chrome on WINDOWS (aa14b378f4c269377b12543afe816635)] -> xpath: //label[normalize-space()='Female']]
2023-06-11 13:06:610 INFO  AccountPage :99 - Enter email [[ChromeDriver: chrome on WINDOWS (aa14b378f4c269377b12543afe816635)] -> id: regpath_form_email_input]
2023-06-11 13:06:736 INFO  AccountPage :109 - Enter password Mariasmith@123 to password field [[ChromeDriver: chrome on WINDOWS (aa14b378f4c269377b12543afe816635)] -> id: password]
2023-06-11 13:06:98 INFO  AccountPage :115 - Enter mobile number 9825655114 to mobile number field [[ChromeDriver: chrome on WINDOWS (aa14b378f4c269377b12543afe816635)] -> xpath: //label[contains(text(),'Mobile Number')]]
2023-06-11 13:06:302 INFO  HomePage :27 - Clicking on sign up link: [[ChromeDriver: chrome on WINDOWS (c517c168add55ca864b67b17857ff89e)] -> link text: Sign Up]
2023-06-11 13:06:196 INFO  AccountPage :71 - Enter first name Maria to firstName field [[ChromeDriver: chrome on WINDOWS (c517c168add55ca864b67b17857ff89e)] -> id: first_name]
2023-06-11 13:06:73 INFO  AccountPage :77 - Enter last name Smith to lastName field [[ChromeDriver: chrome on WINDOWS (c517c168add55ca864b67b17857ff89e)] -> id: last_name]
2023-06-11 13:06:662 INFO  AccountPage :83 - Clicking on continue tab on account page: [[ChromeDriver: chrome on WINDOWS (c517c168add55ca864b67b17857ff89e)] -> xpath: //span[contains(text(),'Continue')]]
2023-06-11 13:06:613 INFO  AccountPage :88 - Clicking on female tab on account page: [[ChromeDriver: chrome on WINDOWS (c517c168add55ca864b67b17857ff89e)] -> xpath: //label[normalize-space()='Female']]
2023-06-11 13:06:233 INFO  AccountPage :99 - Enter email [[ChromeDriver: chrome on WINDOWS (c517c168add55ca864b67b17857ff89e)] -> id: regpath_form_email_input]
2023-06-11 13:06:987 INFO  AccountPage :109 - Enter password Mariasmith@123 to password field [[ChromeDriver: chrome on WINDOWS (c517c168add55ca864b67b17857ff89e)] -> id: password]
2023-06-11 13:06:553 INFO  AccountPage :115 - Enter mobile number 9825655114 to mobile number field [[ChromeDriver: chrome on WINDOWS (c517c168add55ca864b67b17857ff89e)] -> xpath: //label[contains(text(),'Mobile Number')]]
2023-06-11 13:06:57 INFO  HomePage :27 - Clicking on sign up link: [[ChromeDriver: chrome on WINDOWS (c4b8cb1fd1348cb6b24ed9e0abba3c59)] -> link text: Sign Up]
2023-06-11 13:06:67 INFO  AccountPage :75 - Enter first name Maria to firstName field [[ChromeDriver: chrome on WINDOWS (c4b8cb1fd1348cb6b24ed9e0abba3c59)] -> id: first_name]
2023-06-11 13:06:170 INFO  AccountPage :81 - Enter last name Smith to lastName field [[ChromeDriver: chrome on WINDOWS (c4b8cb1fd1348cb6b24ed9e0abba3c59)] -> id: last_name]
2023-06-11 13:06:196 INFO  AccountPage :87 - Clicking on continue tab on account page: [[ChromeDriver: chrome on WINDOWS (c4b8cb1fd1348cb6b24ed9e0abba3c59)] -> xpath: //span[contains(text(),'Continue')]]
2023-06-11 13:06:555 INFO  AccountPage :92 - Clicking on female tab on account page: [[ChromeDriver: chrome on WINDOWS (c4b8cb1fd1348cb6b24ed9e0abba3c59)] -> xpath: //label[normalize-space()='Female']]
2023-06-11 13:06:310 INFO  AccountPage :103 - Enter email [[ChromeDriver: chrome on WINDOWS (c4b8cb1fd1348cb6b24ed9e0abba3c59)] -> id: regpath_form_email_input]
2023-06-11 13:06:966 INFO  AccountPage :113 - Enter password Mariasmith@123 to password field [[ChromeDriver: chrome on WINDOWS (c4b8cb1fd1348cb6b24ed9e0abba3c59)] -> id: password]
2023-06-11 13:06:985 INFO  AccountPage :119 - Enter mobile number 9825655114 to mobile number field [[ChromeDriver: chrome on WINDOWS (c4b8cb1fd1348cb6b24ed9e0abba3c59)] -> xpath: //label[contains(text(),'Mobile Number')]]
2023-06-11 13:06:264 INFO  HomePage :27 - Clicking on sign up link: [[ChromeDriver: chrome on WINDOWS (97fce68687cfc1bbbe2048d7ccf05200)] -> link text: Sign Up]
2023-06-11 13:06:882 INFO  AccountPage :76 - Enter first name Maria to firstName field [[ChromeDriver: chrome on WINDOWS (97fce68687cfc1bbbe2048d7ccf05200)] -> id: first_name]
2023-06-11 13:06:753 INFO  AccountPage :82 - Enter last name Smith to lastName field [[ChromeDriver: chrome on WINDOWS (97fce68687cfc1bbbe2048d7ccf05200)] -> id: last_name]
2023-06-11 13:06:673 INFO  AccountPage :88 - Clicking on continue tab on account page: [[ChromeDriver: chrome on WINDOWS (97fce68687cfc1bbbe2048d7ccf05200)] -> xpath: //span[contains(text(),'Continue')]]
2023-06-11 13:06:143 INFO  AccountPage :93 - Clicking on female tab on account page: [[ChromeDriver: chrome on WINDOWS (97fce68687cfc1bbbe2048d7ccf05200)] -> xpath: //label[normalize-space()='Female']]
2023-06-11 13:06:618 INFO  AccountPage :104 - Enter email [[ChromeDriver: chrome on WINDOWS (97fce68687cfc1bbbe2048d7ccf05200)] -> id: regpath_form_email_input]
2023-06-11 13:06:458 INFO  AccountPage :114 - Enter password Mariasmith@123 to password field [[ChromeDriver: chrome on WINDOWS (97fce68687cfc1bbbe2048d7ccf05200)] -> id: password]
2023-06-11 13:06:39 INFO  AccountPage :120 - Enter mobile number 9825655114 to mobile number field [[ChromeDriver: chrome on WINDOWS (97fce68687cfc1bbbe2048d7ccf05200)] -> xpath: //label[contains(text(),'Mobile Number')]]
2023-06-11 13:06:301 INFO  AccountPage :130 - Select a day from drop down 
2023-06-11 13:06:764 INFO  AccountPage :136 - Select a month from drop down 
2023-06-11 13:06:279 INFO  AccountPage :142 - Select a year from drop down 
2023-06-11 13:06:898 INFO  AccountPage :148 - Enter house number 301-ICB Flora to address field [[ChromeDriver: chrome on WINDOWS (97fce68687cfc1bbbe2048d7ccf05200)] -> xpath: //label[contains(text(),'House Number/Name, Flat, Street/Road Name')]]
2023-06-11 13:06:374 INFO  HomePage :27 - Clicking on sign up link: [[ChromeDriver: chrome on WINDOWS (c1771eb621144657c04d35a923eb3a92)] -> link text: Sign Up]
2023-06-11 13:06:505 INFO  AccountPage :76 - Enter first name Maria to firstName field [[ChromeDriver: chrome on WINDOWS (c1771eb621144657c04d35a923eb3a92)] -> id: first_name]
2023-06-11 13:06:22 INFO  AccountPage :82 - Enter last name Smith to lastName field [[ChromeDriver: chrome on WINDOWS (c1771eb621144657c04d35a923eb3a92)] -> id: last_name]
2023-06-11 13:06:633 INFO  AccountPage :88 - Clicking on continue tab on account page: [[ChromeDriver: chrome on WINDOWS (c1771eb621144657c04d35a923eb3a92)] -> xpath: //span[contains(text(),'Continue')]]
2023-06-11 13:06:239 INFO  AccountPage :93 - Clicking on female tab on account page: [[ChromeDriver: chrome on WINDOWS (c1771eb621144657c04d35a923eb3a92)] -> xpath: //label[normalize-space()='Female']]
2023-06-11 13:06:170 INFO  AccountPage :104 - Enter email [[ChromeDriver: chrome on WINDOWS (c1771eb621144657c04d35a923eb3a92)] -> id: regpath_form_email_input]
2023-06-11 13:06:835 INFO  AccountPage :114 - Enter password Mariasmith@123 to password field [[ChromeDriver: chrome on WINDOWS (c1771eb621144657c04d35a923eb3a92)] -> id: password]
2023-06-11 13:06:590 INFO  AccountPage :120 - Enter mobile number 9825655114 to mobile number field [[ChromeDriver: chrome on WINDOWS (c1771eb621144657c04d35a923eb3a92)] -> xpath: //label[contains(text(),'Mobile Number')]]
2023-06-11 13:06:87 INFO  AccountPage :130 - Select a day from drop down 
2023-06-11 13:06:381 INFO  AccountPage :136 - Select a month from drop down 
2023-06-11 13:06:828 INFO  AccountPage :142 - Select a year from drop down 
2023-06-11 13:06:689 INFO  AccountPage :148 - Enter house number 301-ICB Flora to address field [[ChromeDriver: chrome on WINDOWS (c1771eb621144657c04d35a923eb3a92)] -> css selector: label[for='address1']]
2023-06-11 14:06:742 INFO  HomePage :27 - Clicking on sign up link: [[ChromeDriver: chrome on WINDOWS (9e07dd87bc3c273e69d20122b30ac789)] -> link text: Sign Up]
2023-06-11 14:06:353 INFO  AccountPage :76 - Enter first name Maria to firstName field [[ChromeDriver: chrome on WINDOWS (9e07dd87bc3c273e69d20122b30ac789)] -> id: first_name]
2023-06-11 14:06:117 INFO  AccountPage :82 - Enter last name Smith to lastName field [[ChromeDriver: chrome on WINDOWS (9e07dd87bc3c273e69d20122b30ac789)] -> id: last_name]
2023-06-11 14:06:98 INFO  AccountPage :88 - Clicking on continue tab on account page: [[ChromeDriver: chrome on WINDOWS (9e07dd87bc3c273e69d20122b30ac789)] -> xpath: //span[contains(text(),'Continue')]]
2023-06-11 14:06:39 INFO  AccountPage :93 - Clicking on female tab on account page: [[ChromeDriver: chrome on WINDOWS (9e07dd87bc3c273e69d20122b30ac789)] -> xpath: //label[normalize-space()='Female']]
2023-06-11 14:06:261 INFO  AccountPage :104 - Enter email [[ChromeDriver: chrome on WINDOWS (9e07dd87bc3c273e69d20122b30ac789)] -> id: regpath_form_email_input]
2023-06-11 14:06:454 INFO  AccountPage :114 - Enter password Mariasmith@123 to password field [[ChromeDriver: chrome on WINDOWS (9e07dd87bc3c273e69d20122b30ac789)] -> id: password]
2023-06-11 14:06:510 INFO  AccountPage :120 - Enter mobile number 9825655114 to mobile number field [[ChromeDriver: chrome on WINDOWS (9e07dd87bc3c273e69d20122b30ac789)] -> xpath: //label[contains(text(),'Mobile Number')]]
2023-06-11 14:06:686 INFO  AccountPage :130 - Select a day from drop down 
2023-06-11 14:06:321 INFO  AccountPage :136 - Select a month from drop down 
2023-06-11 14:06:935 INFO  AccountPage :142 - Select a year from drop down 
2023-06-11 14:06:433 INFO  AccountPage :148 - Enter house number 301-ICB Flora to address field [[ChromeDriver: chrome on WINDOWS (9e07dd87bc3c273e69d20122b30ac789)] -> css selector: label[for='address1']]
2023-06-11 14:06:833 INFO  HomePage :27 - Clicking on sign up link: [[ChromeDriver: chrome on WINDOWS (7c535987cd65861d8d7c12d0a8c6ea90)] -> link text: Sign Up]
2023-06-11 14:06:667 INFO  AccountPage :76 - Enter first name Maria to firstName field [[ChromeDriver: chrome on WINDOWS (7c535987cd65861d8d7c12d0a8c6ea90)] -> id: first_name]
2023-06-11 14:06:734 INFO  AccountPage :82 - Enter last name Smith to lastName field [[ChromeDriver: chrome on WINDOWS (7c535987cd65861d8d7c12d0a8c6ea90)] -> id: last_name]
2023-06-11 14:06:94 INFO  AccountPage :88 - Clicking on continue tab on account page: [[ChromeDriver: chrome on WINDOWS (7c535987cd65861d8d7c12d0a8c6ea90)] -> xpath: //span[contains(text(),'Continue')]]
2023-06-11 14:06:69 INFO  AccountPage :93 - Clicking on female tab on account page: [[ChromeDriver: chrome on WINDOWS (7c535987cd65861d8d7c12d0a8c6ea90)] -> xpath: //label[normalize-space()='Female']]
2023-06-11 14:06:446 INFO  AccountPage :104 - Enter email [[ChromeDriver: chrome on WINDOWS (7c535987cd65861d8d7c12d0a8c6ea90)] -> id: regpath_form_email_input]
2023-06-11 14:06:171 INFO  AccountPage :114 - Enter password Mariasmith@123 to password field [[ChromeDriver: chrome on WINDOWS (7c535987cd65861d8d7c12d0a8c6ea90)] -> id: password]
2023-06-11 14:06:581 INFO  AccountPage :120 - Enter mobile number 9825655114 to mobile number field [[ChromeDriver: chrome on WINDOWS (7c535987cd65861d8d7c12d0a8c6ea90)] -> xpath: //label[contains(text(),'Mobile Number')]]
2023-06-11 14:06:684 INFO  AccountPage :130 - Select a day from drop down 
2023-06-11 14:06:373 INFO  AccountPage :136 - Select a month from drop down 
2023-06-11 14:06:198 INFO  AccountPage :142 - Select a year from drop down 
2023-06-11 14:06:253 INFO  AccountPage :148 - Enter house number 301-ICB Flora to address field [[ChromeDriver: chrome on WINDOWS (7c535987cd65861d8d7c12d0a8c6ea90)] -> css selector: label[for='address1']]
2023-06-11 14:06:67 INFO  HomePage :27 - Clicking on sign up link: [[ChromeDriver: chrome on WINDOWS (b78c1c228fe69b31b6d5221de2590c24)] -> link text: Sign Up]
2023-06-11 14:06:150 INFO  AccountPage :75 - Enter first name Maria to firstName field [[ChromeDriver: chrome on WINDOWS (b78c1c228fe69b31b6d5221de2590c24)] -> id: first_name]
2023-06-11 14:06:809 INFO  AccountPage :81 - Enter last name Smith to lastName field [[ChromeDriver: chrome on WINDOWS (b78c1c228fe69b31b6d5221de2590c24)] -> id: last_name]
2023-06-11 14:06:693 INFO  AccountPage :87 - Clicking on continue tab on account page: [[ChromeDriver: chrome on WINDOWS (b78c1c228fe69b31b6d5221de2590c24)] -> xpath: //span[contains(text(),'Continue')]]
2023-06-11 14:06:295 INFO  AccountPage :92 - Clicking on female tab on account page: [[ChromeDriver: chrome on WINDOWS (b78c1c228fe69b31b6d5221de2590c24)] -> xpath: //label[normalize-space()='Female']]
2023-06-11 14:06:624 INFO  AccountPage :103 - Enter email [[ChromeDriver: chrome on WINDOWS (b78c1c228fe69b31b6d5221de2590c24)] -> id: regpath_form_email_input]
2023-06-11 14:06:56 INFO  AccountPage :113 - Enter password Mariasmith@123 to password field [[ChromeDriver: chrome on WINDOWS (b78c1c228fe69b31b6d5221de2590c24)] -> id: password]
2023-06-11 14:06:421 INFO  AccountPage :119 - Enter mobile number 7525655114 to mobile number field [[ChromeDriver: chrome on WINDOWS (b78c1c228fe69b31b6d5221de2590c24)] -> xpath: //label[contains(text(),'Mobile Number')]]
2023-06-11 14:06:508 INFO  HomePage :27 - Clicking on sign up link: [[ChromeDriver: chrome on WINDOWS (3681d488c02c8e0400360ed8c050b7a7)] -> link text: Sign Up]
2023-06-11 14:06:438 INFO  AccountPage :75 - Enter first name Maria to firstName field [[ChromeDriver: chrome on WINDOWS (3681d488c02c8e0400360ed8c050b7a7)] -> id: first_name]
2023-06-11 14:06:476 INFO  AccountPage :81 - Enter last name Smith to lastName field [[ChromeDriver: chrome on WINDOWS (3681d488c02c8e0400360ed8c050b7a7)] -> id: last_name]
2023-06-11 14:06:350 INFO  AccountPage :87 - Clicking on continue tab on account page: [[ChromeDriver: chrome on WINDOWS (3681d488c02c8e0400360ed8c050b7a7)] -> xpath: //span[contains(text(),'Continue')]]
2023-06-11 14:06:763 INFO  AccountPage :92 - Clicking on female tab on account page: [[ChromeDriver: chrome on WINDOWS (3681d488c02c8e0400360ed8c050b7a7)] -> xpath: //label[normalize-space()='Female']]
2023-06-11 14:06:114 INFO  AccountPage :103 - Enter email [[ChromeDriver: chrome on WINDOWS (3681d488c02c8e0400360ed8c050b7a7)] -> id: regpath_form_email_input]
2023-06-11 14:06:223 INFO  AccountPage :113 - Enter password Mariasmith@123 to password field [[ChromeDriver: chrome on WINDOWS (3681d488c02c8e0400360ed8c050b7a7)] -> id: password]
2023-06-11 14:06:355 INFO  AccountPage :119 - Enter mobile number 7525655114 to mobile number field [[ChromeDriver: chrome on WINDOWS (3681d488c02c8e0400360ed8c050b7a7)] -> xpath: //label[contains(text(),'Mobile Number')]]
2023-06-11 15:06:353 INFO  HomePage :27 - Clicking on sign up link: [[ChromeDriver: chrome on WINDOWS (9f3a46354ed0b8d975e9cb65995095ba)] -> link text: Sign Up]
2023-06-11 15:06:165 INFO  AccountPage :76 - Enter first name Maria to firstName field [[ChromeDriver: chrome on WINDOWS (9f3a46354ed0b8d975e9cb65995095ba)] -> id: first_name]
2023-06-11 15:06:763 INFO  AccountPage :82 - Enter last name Smith to lastName field [[ChromeDriver: chrome on WINDOWS (9f3a46354ed0b8d975e9cb65995095ba)] -> id: last_name]
2023-06-11 15:06:560 INFO  AccountPage :88 - Clicking on continue tab on account page: [[ChromeDriver: chrome on WINDOWS (9f3a46354ed0b8d975e9cb65995095ba)] -> xpath: //span[contains(text(),'Continue')]]
2023-06-11 15:06:251 INFO  AccountPage :93 - Clicking on female tab on account page: [[ChromeDriver: chrome on WINDOWS (9f3a46354ed0b8d975e9cb65995095ba)] -> xpath: //label[normalize-space()='Female']]
2023-06-11 15:06:958 INFO  AccountPage :104 - Enter email [[ChromeDriver: chrome on WINDOWS (9f3a46354ed0b8d975e9cb65995095ba)] -> id: regpath_form_email_input]
2023-06-11 15:06:605 INFO  AccountPage :114 - Enter password Mariasmith@123 to password field [[ChromeDriver: chrome on WINDOWS (9f3a46354ed0b8d975e9cb65995095ba)] -> id: password]
2023-06-11 15:06:509 INFO  AccountPage :120 - Enter mobile number 7525655114 to mobile number field [[ChromeDriver: chrome on WINDOWS (9f3a46354ed0b8d975e9cb65995095ba)] -> xpath: //label[contains(text(),'Mobile Number')]]
2023-06-11 15:06:555 INFO  AccountPage :130 - Select a day from drop down 
2023-06-11 15:06:988 INFO  AccountPage :136 - Select a month from drop down 
2023-06-11 15:06:797 INFO  AccountPage :142 - Select a year from drop down 
2023-06-11 15:06:760 INFO  AccountPage :148 - Enter house number 301-ICB Flora to address field [[ChromeDriver: chrome on WINDOWS (9f3a46354ed0b8d975e9cb65995095ba)] -> css selector: label[for='address1']]
2023-06-11 15:06:262 INFO  HomePage :27 - Clicking on sign up link: [[ChromeDriver: chrome on WINDOWS (131d51e316b2cefee62df05c3e2e71b2)] -> link text: Sign Up]
2023-06-11 15:06:729 INFO  AccountPage :76 - Enter first name Maria to firstName field [[ChromeDriver: chrome on WINDOWS (131d51e316b2cefee62df05c3e2e71b2)] -> id: first_name]
2023-06-11 15:06:463 INFO  AccountPage :82 - Enter last name Smith to lastName field [[ChromeDriver: chrome on WINDOWS (131d51e316b2cefee62df05c3e2e71b2)] -> id: last_name]
2023-06-11 15:06:682 INFO  AccountPage :88 - Clicking on continue tab on account page: [[ChromeDriver: chrome on WINDOWS (131d51e316b2cefee62df05c3e2e71b2)] -> xpath: //span[contains(text(),'Continue')]]
2023-06-11 15:06:293 INFO  AccountPage :93 - Clicking on female tab on account page: [[ChromeDriver: chrome on WINDOWS (131d51e316b2cefee62df05c3e2e71b2)] -> xpath: //label[normalize-space()='Female']]
2023-06-11 15:06:20 INFO  AccountPage :104 - Enter email [[ChromeDriver: chrome on WINDOWS (131d51e316b2cefee62df05c3e2e71b2)] -> id: regpath_form_email_input]
2023-06-11 15:06:459 INFO  AccountPage :114 - Enter password Mariasmith@123 to password field [[ChromeDriver: chrome on WINDOWS (131d51e316b2cefee62df05c3e2e71b2)] -> id: password]
2023-06-11 15:06:370 INFO  AccountPage :120 - Enter mobile number 7525655114 to mobile number field [[ChromeDriver: chrome on WINDOWS (131d51e316b2cefee62df05c3e2e71b2)] -> xpath: //label[contains(text(),'Mobile Number')]]
2023-06-11 15:06:500 INFO  AccountPage :130 - Select a day from drop down 
2023-06-11 15:06:691 INFO  AccountPage :136 - Select a month from drop down 
2023-06-11 15:06:590 INFO  AccountPage :142 - Select a year from drop down 
2023-06-11 15:06:401 INFO  AccountPage :148 - Enter house number 301-ICB Flora to address field [[ChromeDriver: chrome on WINDOWS (131d51e316b2cefee62df05c3e2e71b2)] -> css selector: label[for='address1']]
2023-06-11 15:06:553 INFO  HomePage :31 - Clicking on sign up link: [[ChromeDriver: chrome on WINDOWS (687fc2ee20ec66be100ed40b9a84b7b4)] -> link text: Sign Up]
2023-06-11 15:06:56 INFO  AccountPage :76 - Enter first name Maria to firstName field [[ChromeDriver: chrome on WINDOWS (687fc2ee20ec66be100ed40b9a84b7b4)] -> id: first_name]
2023-06-11 15:06:455 INFO  AccountPage :82 - Enter last name Smith to lastName field [[ChromeDriver: chrome on WINDOWS (687fc2ee20ec66be100ed40b9a84b7b4)] -> id: last_name]
2023-06-11 15:06:223 INFO  AccountPage :88 - Clicking on continue tab on account page: [[ChromeDriver: chrome on WINDOWS (687fc2ee20ec66be100ed40b9a84b7b4)] -> xpath: //span[contains(text(),'Continue')]]
2023-06-11 15:06:653 INFO  AccountPage :93 - Clicking on female tab on account page: [[ChromeDriver: chrome on WINDOWS (687fc2ee20ec66be100ed40b9a84b7b4)] -> xpath: //label[normalize-space()='Female']]
2023-06-11 15:06:864 INFO  AccountPage :104 - Enter email [[ChromeDriver: chrome on WINDOWS (687fc2ee20ec66be100ed40b9a84b7b4)] -> id: regpath_form_email_input]
2023-06-11 15:06:315 INFO  AccountPage :114 - Enter password Mariasmith@123 to password field [[ChromeDriver: chrome on WINDOWS (687fc2ee20ec66be100ed40b9a84b7b4)] -> id: password]
2023-06-11 15:06:41 INFO  AccountPage :120 - Enter mobile number 7525655114 to mobile number field [[ChromeDriver: chrome on WINDOWS (687fc2ee20ec66be100ed40b9a84b7b4)] -> xpath: //label[contains(text(),'Mobile Number')]]
2023-06-11 15:06:59 INFO  AccountPage :130 - Select a day from drop down 
2023-06-11 15:06:257 INFO  AccountPage :136 - Select a month from drop down 
2023-06-11 15:06:796 INFO  AccountPage :142 - Select a year from drop down 
2023-06-11 15:06:610 INFO  AccountPage :148 - Enter house number 301-ICB Flora to address field [[ChromeDriver: chrome on WINDOWS (687fc2ee20ec66be100ed40b9a84b7b4)] -> css selector: label[for='address1']]
2023-06-11 15:06:955 INFO  AccountPage :155 - Enter locality  Noida to address field [[ChromeDriver: chrome on WINDOWS (687fc2ee20ec66be100ed40b9a84b7b4)] -> xpath: (//input[@id='address2'])[1]]
2023-06-11 15:06:617 INFO  AccountPage :160 - Enter city  Slough to address field [[ChromeDriver: chrome on WINDOWS (687fc2ee20ec66be100ed40b9a84b7b4)] -> id: address3]
2023-06-11 15:06:369 INFO  AccountPage :165 - Enter postcode  363641 to address field [[ChromeDriver: chrome on WINDOWS (687fc2ee20ec66be100ed40b9a84b7b4)] -> id: postcode]
2023-06-11 15:06:38 INFO  AccountPage :170 - Clicking on continue tab on account page: [[ChromeDriver: chrome on WINDOWS (687fc2ee20ec66be100ed40b9a84b7b4)] -> xpath: //span[@class='regpath__button-next-text']]
2023-06-11 16:06:58 INFO  HomePage :31 - Clicking on sign up link: [[ChromeDriver: chrome on WINDOWS (4a09cfba13062bd9fca1411aed71207e)] -> link text: Sign Up]
2023-06-11 16:06:725 INFO  AccountPage :76 - Enter first name Maria to firstName field [[ChromeDriver: chrome on WINDOWS (4a09cfba13062bd9fca1411aed71207e)] -> id: first_name]
2023-06-11 16:06:287 INFO  AccountPage :82 - Enter last name Smith to lastName field [[ChromeDriver: chrome on WINDOWS (4a09cfba13062bd9fca1411aed71207e)] -> id: last_name]
2023-06-11 16:06:39 INFO  AccountPage :88 - Clicking on continue tab on account page: [[ChromeDriver: chrome on WINDOWS (4a09cfba13062bd9fca1411aed71207e)] -> xpath: //span[contains(text(),'Continue')]]
2023-06-11 16:06:513 INFO  AccountPage :93 - Clicking on female tab on account page: [[ChromeDriver: chrome on WINDOWS (4a09cfba13062bd9fca1411aed71207e)] -> xpath: //label[normalize-space()='Female']]
2023-06-11 16:06:824 INFO  AccountPage :104 - Enter email [[ChromeDriver: chrome on WINDOWS (4a09cfba13062bd9fca1411aed71207e)] -> id: regpath_form_email_input]
2023-06-11 16:06:472 INFO  AccountPage :114 - Enter password Mariasmith@123 to password field [[ChromeDriver: chrome on WINDOWS (4a09cfba13062bd9fca1411aed71207e)] -> id: password]
2023-06-11 16:06:432 INFO  AccountPage :120 - Enter mobile number 7525655114 to mobile number field [[ChromeDriver: chrome on WINDOWS (4a09cfba13062bd9fca1411aed71207e)] -> xpath: //label[contains(text(),'Mobile Number')]]
2023-06-11 16:06:467 INFO  AccountPage :130 - Select a day from drop down 
2023-06-11 16:06:743 INFO  AccountPage :136 - Select a month from drop down 
2023-06-11 16:06:239 INFO  AccountPage :142 - Select a year from drop down 
2023-06-11 16:06:992 INFO  AccountPage :148 - Enter house number 301-ICB Flora to address field [[ChromeDriver: chrome on WINDOWS (4a09cfba13062bd9fca1411aed71207e)] -> xpath: //input[@id='address1']]
2023-06-11 16:06:242 INFO  AccountPage :155 - Enter locality  Noida to address field [[ChromeDriver: chrome on WINDOWS (4a09cfba13062bd9fca1411aed71207e)] -> xpath: (//input[@id='address2'])[1]]
2023-06-11 16:06:905 INFO  AccountPage :160 - Enter city  Slough to address field [[ChromeDriver: chrome on WINDOWS (4a09cfba13062bd9fca1411aed71207e)] -> id: address3]
2023-06-11 16:06:520 INFO  AccountPage :165 - Enter postcode  363641 to address field [[ChromeDriver: chrome on WINDOWS (4a09cfba13062bd9fca1411aed71207e)] -> id: postcode]
2023-06-11 16:06:139 INFO  AccountPage :170 - Clicking on continue tab on account page: [[ChromeDriver: chrome on WINDOWS (4a09cfba13062bd9fca1411aed71207e)] -> xpath: //span[@class='regpath__button-next-text']]
2023-06-11 16:06:645 INFO  HomePage :31 - Clicking on sign up link: [[ChromeDriver: chrome on WINDOWS (66c040a3b085840bcb4e3ea3d3c03563)] -> link text: Sign Up]
2023-06-11 16:06:28 INFO  AccountPage :76 - Enter first name Maria to firstName field [[ChromeDriver: chrome on WINDOWS (66c040a3b085840bcb4e3ea3d3c03563)] -> id: first_name]
2023-06-11 16:06:383 INFO  AccountPage :82 - Enter last name Smith to lastName field [[ChromeDriver: chrome on WINDOWS (66c040a3b085840bcb4e3ea3d3c03563)] -> id: last_name]
2023-06-11 16:06:494 INFO  AccountPage :88 - Clicking on continue tab on account page: [[ChromeDriver: chrome on WINDOWS (66c040a3b085840bcb4e3ea3d3c03563)] -> xpath: //span[contains(text(),'Continue')]]
2023-06-11 16:06:645 INFO  AccountPage :93 - Clicking on female tab on account page: [[ChromeDriver: chrome on WINDOWS (66c040a3b085840bcb4e3ea3d3c03563)] -> xpath: //label[normalize-space()='Female']]
2023-06-11 16:06:315 INFO  AccountPage :104 - Enter email [[ChromeDriver: chrome on WINDOWS (66c040a3b085840bcb4e3ea3d3c03563)] -> id: regpath_form_email_input]
2023-06-11 16:06:298 INFO  AccountPage :114 - Enter password Mariasmith@123 to password field [[ChromeDriver: chrome on WINDOWS (66c040a3b085840bcb4e3ea3d3c03563)] -> id: password]
2023-06-11 16:06:245 INFO  AccountPage :120 - Enter mobile number 7525655114 to mobile number field [[ChromeDriver: chrome on WINDOWS (66c040a3b085840bcb4e3ea3d3c03563)] -> xpath: //label[contains(text(),'Mobile Number')]]
2023-06-11 16:06:284 INFO  AccountPage :130 - Select a day from drop down 
2023-06-11 16:06:940 INFO  AccountPage :136 - Select a month from drop down 
2023-06-11 16:06:554 INFO  AccountPage :142 - Select a year from drop down 
2023-06-11 16:06:513 INFO  AccountPage :148 - Enter house number 301-ICB Flora to address field [[ChromeDriver: chrome on WINDOWS (66c040a3b085840bcb4e3ea3d3c03563)] -> xpath: //input[@id='address1']]
2023-06-11 16:06:684 INFO  AccountPage :156 - Enter locality  Noida to address field [[ChromeDriver: chrome on WINDOWS (66c040a3b085840bcb4e3ea3d3c03563)] -> xpath: (//input[@id='address2'])[1]]
2023-06-11 16:06:767 INFO  AccountPage :161 - Enter city  Slough to address field [[ChromeDriver: chrome on WINDOWS (66c040a3b085840bcb4e3ea3d3c03563)] -> id: address3]
2023-06-11 16:06:13 INFO  AccountPage :166 - Enter postcode  363641 to address field [[ChromeDriver: chrome on WINDOWS (66c040a3b085840bcb4e3ea3d3c03563)] -> id: postcode]
2023-06-11 16:06:747 INFO  AccountPage :171 - Clicking on continue tab on account page: [[ChromeDriver: chrome on WINDOWS (66c040a3b085840bcb4e3ea3d3c03563)] -> xpath: //span[@class='regpath__button-next-text']]
2023-06-11 16:06:614 INFO  HomePage :31 - Clicking on sign up link: [[ChromeDriver: chrome on WINDOWS (96152116867042ec47d90028e4646a57)] -> link text: Sign Up]
2023-06-11 16:06:637 INFO  AccountPage :76 - Enter first name Maria to firstName field [[ChromeDriver: chrome on WINDOWS (96152116867042ec47d90028e4646a57)] -> id: first_name]
2023-06-11 16:06:448 INFO  AccountPage :82 - Enter last name Smith to lastName field [[ChromeDriver: chrome on WINDOWS (96152116867042ec47d90028e4646a57)] -> id: last_name]
2023-06-11 16:06:225 INFO  AccountPage :88 - Clicking on continue tab on account page: [[ChromeDriver: chrome on WINDOWS (96152116867042ec47d90028e4646a57)] -> xpath: //span[contains(text(),'Continue')]]
2023-06-11 16:06:137 INFO  AccountPage :93 - Clicking on female tab on account page: [[ChromeDriver: chrome on WINDOWS (96152116867042ec47d90028e4646a57)] -> xpath: //label[normalize-space()='Female']]
2023-06-11 16:06:312 INFO  AccountPage :104 - Enter email [[ChromeDriver: chrome on WINDOWS (96152116867042ec47d90028e4646a57)] -> id: regpath_form_email_input]
2023-06-11 16:06:244 INFO  AccountPage :114 - Enter password Mariasmith@123 to password field [[ChromeDriver: chrome on WINDOWS (96152116867042ec47d90028e4646a57)] -> id: password]
2023-06-11 16:06:879 INFO  AccountPage :120 - Enter mobile number 7525655114 to mobile number field [[ChromeDriver: chrome on WINDOWS (96152116867042ec47d90028e4646a57)] -> xpath: //label[contains(text(),'Mobile Number')]]
2023-06-11 16:06:897 INFO  AccountPage :130 - Select a day from drop down 
2023-06-11 16:06:92 INFO  AccountPage :136 - Select a month from drop down 
2023-06-11 16:06:558 INFO  AccountPage :142 - Select a year from drop down 
2023-06-11 16:06:273 INFO  AccountPage :148 - Enter house number 301-ICB Flora to address field [[ChromeDriver: chrome on WINDOWS (96152116867042ec47d90028e4646a57)] -> xpath: //input[@id='address1']]
2023-06-11 16:06:409 INFO  AccountPage :156 - Enter locality  Noida to address field [[ChromeDriver: chrome on WINDOWS (96152116867042ec47d90028e4646a57)] -> xpath: (//input[@id='address2'])[1]]
2023-06-11 16:06:233 INFO  AccountPage :161 - Enter city  Slough to address field [[ChromeDriver: chrome on WINDOWS (96152116867042ec47d90028e4646a57)] -> id: address3]
2023-06-11 16:06:756 INFO  AccountPage :166 - Enter postcode  363641 to address field [[ChromeDriver: chrome on WINDOWS (96152116867042ec47d90028e4646a57)] -> id: postcode]
2023-06-11 16:06:233 INFO  AccountPage :171 - Clicking on continue tab on account page: [[ChromeDriver: chrome on WINDOWS (96152116867042ec47d90028e4646a57)] -> xpath: //span[@class='regpath__button-next-text']]
2023-06-11 16:06:342 INFO  HomePage :31 - Clicking on sign up link: [[ChromeDriver: chrome on WINDOWS (a980b35e7542427a62635cb34d515531)] -> link text: Sign Up]
2023-06-11 16:06:736 INFO  AccountPage :76 - Enter first name Maria to firstName field [[ChromeDriver: chrome on WINDOWS (a980b35e7542427a62635cb34d515531)] -> id: first_name]
2023-06-11 16:06:77 INFO  AccountPage :82 - Enter last name Smith to lastName field [[ChromeDriver: chrome on WINDOWS (a980b35e7542427a62635cb34d515531)] -> id: last_name]
2023-06-11 16:06:525 INFO  AccountPage :88 - Clicking on continue tab on account page: [[ChromeDriver: chrome on WINDOWS (a980b35e7542427a62635cb34d515531)] -> xpath: //span[contains(text(),'Continue')]]
2023-06-11 16:06:416 INFO  AccountPage :93 - Clicking on female tab on account page: [[ChromeDriver: chrome on WINDOWS (a980b35e7542427a62635cb34d515531)] -> xpath: //label[normalize-space()='Female']]
2023-06-11 16:06:632 INFO  AccountPage :104 - Enter email [[ChromeDriver: chrome on WINDOWS (a980b35e7542427a62635cb34d515531)] -> id: regpath_form_email_input]
2023-06-11 16:06:708 INFO  AccountPage :114 - Enter password Mariasmith@123 to password field [[ChromeDriver: chrome on WINDOWS (a980b35e7542427a62635cb34d515531)] -> id: password]
2023-06-11 16:06:432 INFO  AccountPage :120 - Enter mobile number 7525655114 to mobile number field [[ChromeDriver: chrome on WINDOWS (a980b35e7542427a62635cb34d515531)] -> xpath: //label[contains(text(),'Mobile Number')]]
2023-06-11 16:06:500 INFO  AccountPage :130 - Select a day from drop down 
2023-06-11 16:06:812 INFO  AccountPage :136 - Select a month from drop down 
2023-06-11 16:06:335 INFO  AccountPage :142 - Select a year from drop down 
2023-06-11 16:06:75 INFO  AccountPage :148 - Enter house number 301-ICB Flora to address field [[ChromeDriver: chrome on WINDOWS (a980b35e7542427a62635cb34d515531)] -> xpath: //input[@id='address1']]
2023-06-11 16:06:365 INFO  AccountPage :156 - Enter locality  Noida to address field [[ChromeDriver: chrome on WINDOWS (a980b35e7542427a62635cb34d515531)] -> xpath: (//input[@id='address2'])[1]]
2023-06-11 16:06:90 INFO  AccountPage :161 - Enter city  Slough to address field [[ChromeDriver: chrome on WINDOWS (a980b35e7542427a62635cb34d515531)] -> id: address3]
2023-06-11 16:06:888 INFO  AccountPage :166 - Enter postcode  363641 to address field [[ChromeDriver: chrome on WINDOWS (a980b35e7542427a62635cb34d515531)] -> id: postcode]
2023-06-11 16:06:372 INFO  AccountPage :171 - Clicking on continue tab on account page: [[ChromeDriver: chrome on WINDOWS (a980b35e7542427a62635cb34d515531)] -> xpath: //span[@class='regpath__button-next-text']]
2023-06-11 16:06:41 INFO  HomePage :31 - Clicking on sign up link: [[ChromeDriver: chrome on WINDOWS (2b78ae22f6117c17b703afd7277c3ef9)] -> link text: Sign Up]
2023-06-11 16:06:273 INFO  AccountPage :83 - Enter first name Maria to firstName field [[ChromeDriver: chrome on WINDOWS (2b78ae22f6117c17b703afd7277c3ef9)] -> id: first_name]
2023-06-11 16:06:430 INFO  AccountPage :89 - Enter last name Smith to lastName field [[ChromeDriver: chrome on WINDOWS (2b78ae22f6117c17b703afd7277c3ef9)] -> id: last_name]
2023-06-11 16:06:941 INFO  AccountPage :95 - Clicking on continue tab on account page: [[ChromeDriver: chrome on WINDOWS (2b78ae22f6117c17b703afd7277c3ef9)] -> xpath: //span[contains(text(),'Continue')]]
2023-06-11 16:06:437 INFO  AccountPage :100 - Clicking on female tab on account page: [[ChromeDriver: chrome on WINDOWS (2b78ae22f6117c17b703afd7277c3ef9)] -> xpath: //label[normalize-space()='Female']]
2023-06-11 16:06:645 INFO  AccountPage :106 - Enter email [[ChromeDriver: chrome on WINDOWS (2b78ae22f6117c17b703afd7277c3ef9)] -> id: regpath_form_email_input]
2023-06-11 16:06:135 INFO  AccountPage :111 - Enter password Mariasmith@123 to password field [[ChromeDriver: chrome on WINDOWS (2b78ae22f6117c17b703afd7277c3ef9)] -> id: password]
2023-06-11 16:06:633 INFO  AccountPage :117 - Enter mobile number 7525655114 to mobile number field [[ChromeDriver: chrome on WINDOWS (2b78ae22f6117c17b703afd7277c3ef9)] -> xpath: //label[contains(text(),'Mobile Number')]]
2023-06-11 16:06:784 INFO  AccountPage :127 - Select a day from drop down 
2023-06-11 16:06:581 INFO  AccountPage :133 - Select a month from drop down 
2023-06-11 16:06:736 INFO  AccountPage :139 - Select a year from drop down 
2023-06-11 17:06:594 INFO  HomePage :31 - Clicking on sign up link: [[ChromeDriver: chrome on WINDOWS (3b0710503fb93f099405c1e4dfe5709c)] -> link text: Sign Up]
2023-06-11 17:06:889 INFO  AccountPage :83 - Enter first name Maria to firstName field [[ChromeDriver: chrome on WINDOWS (3b0710503fb93f099405c1e4dfe5709c)] -> id: first_name]
2023-06-11 17:06:22 INFO  AccountPage :89 - Enter last name Smith to lastName field [[ChromeDriver: chrome on WINDOWS (3b0710503fb93f099405c1e4dfe5709c)] -> id: last_name]
2023-06-11 17:06:654 INFO  AccountPage :95 - Clicking on continue tab on account page: [[ChromeDriver: chrome on WINDOWS (3b0710503fb93f099405c1e4dfe5709c)] -> xpath: //span[contains(text(),'Continue')]]
2023-06-11 17:06:542 INFO  AccountPage :100 - Clicking on female tab on account page: [[ChromeDriver: chrome on WINDOWS (3b0710503fb93f099405c1e4dfe5709c)] -> xpath: //label[normalize-space()='Female']]
2023-06-11 17:06:925 INFO  AccountPage :106 - Enter email [[ChromeDriver: chrome on WINDOWS (3b0710503fb93f099405c1e4dfe5709c)] -> id: regpath_form_email_input]
2023-06-11 17:06:186 INFO  AccountPage :111 - Enter password Mariasmith@123 to password field [[ChromeDriver: chrome on WINDOWS (3b0710503fb93f099405c1e4dfe5709c)] -> id: password]
2023-06-11 17:06:379 INFO  AccountPage :117 - Enter mobile number 7525655114 to mobile number field [[ChromeDriver: chrome on WINDOWS (3b0710503fb93f099405c1e4dfe5709c)] -> xpath: //label[contains(text(),'Mobile Number')]]
2023-06-11 17:06:466 INFO  AccountPage :127 - Select a day from drop down 
2023-06-11 17:06:522 INFO  AccountPage :133 - Select a month from drop down 
2023-06-11 17:06:236 INFO  AccountPage :139 - Select a year from drop down 
2023-06-11 17:06:288 INFO  HomePage :31 - Clicking on sign up link: [[ChromeDriver: chrome on WINDOWS (b7e2fa2a787db72ce1874fca11082d12)] -> link text: Sign Up]
2023-06-11 17:06:356 INFO  AccountPage :83 - Enter first name Maria to firstName field [[ChromeDriver: chrome on WINDOWS (b7e2fa2a787db72ce1874fca11082d12)] -> id: first_name]
2023-06-11 17:06:585 INFO  AccountPage :89 - Enter last name Smith to lastName field [[ChromeDriver: chrome on WINDOWS (b7e2fa2a787db72ce1874fca11082d12)] -> id: last_name]
2023-06-11 17:06:562 INFO  AccountPage :95 - Clicking on continue tab on account page: [[ChromeDriver: chrome on WINDOWS (b7e2fa2a787db72ce1874fca11082d12)] -> xpath: //span[contains(text(),'Continue')]]
2023-06-11 17:06:513 INFO  AccountPage :100 - Clicking on female tab on account page: [[ChromeDriver: chrome on WINDOWS (b7e2fa2a787db72ce1874fca11082d12)] -> xpath: //label[normalize-space()='Female']]
2023-06-11 17:06:374 INFO  AccountPage :106 - Enter email [[ChromeDriver: chrome on WINDOWS (b7e2fa2a787db72ce1874fca11082d12)] -> id: regpath_form_email_input]
2023-06-11 17:06:931 INFO  AccountPage :111 - Enter password Mariasmith@123 to password field [[ChromeDriver: chrome on WINDOWS (b7e2fa2a787db72ce1874fca11082d12)] -> id: password]
2023-06-11 17:06:211 INFO  AccountPage :117 - Enter mobile number 7525655114 to mobile number field [[ChromeDriver: chrome on WINDOWS (b7e2fa2a787db72ce1874fca11082d12)] -> xpath: //label[contains(text(),'Mobile Number')]]
2023-06-11 17:06:482 INFO  AccountPage :127 - Select a day from drop down 
2023-06-11 17:06:159 INFO  AccountPage :133 - Select a month from drop down 
2023-06-11 17:06:837 INFO  AccountPage :139 - Select a year from drop down 
2023-06-11 17:06:754 INFO  HomePage :31 - Clicking on sign up link: [[ChromeDriver: chrome on WINDOWS (a54fef5ce006b4098e68cc6ba8c4e871)] -> link text: Sign Up]
2023-06-11 17:06:556 INFO  AccountPage :83 - Enter first name Maria to firstName field [[ChromeDriver: chrome on WINDOWS (a54fef5ce006b4098e68cc6ba8c4e871)] -> id: first_name]
2023-06-11 17:06:699 INFO  AccountPage :89 - Enter last name Smith to lastName field [[ChromeDriver: chrome on WINDOWS (a54fef5ce006b4098e68cc6ba8c4e871)] -> id: last_name]
2023-06-11 17:06:593 INFO  AccountPage :95 - Clicking on continue tab on account page: [[ChromeDriver: chrome on WINDOWS (a54fef5ce006b4098e68cc6ba8c4e871)] -> xpath: //span[contains(text(),'Continue')]]
2023-06-11 17:06:86 INFO  AccountPage :100 - Clicking on female tab on account page: [[ChromeDriver: chrome on WINDOWS (a54fef5ce006b4098e68cc6ba8c4e871)] -> xpath: //label[normalize-space()='Female']]
2023-06-11 17:06:836 INFO  AccountPage :106 - Enter email [[ChromeDriver: chrome on WINDOWS (a54fef5ce006b4098e68cc6ba8c4e871)] -> id: regpath_form_email_input]
2023-06-11 17:06:562 INFO  AccountPage :111 - Enter password Mariasmith@123 to password field [[ChromeDriver: chrome on WINDOWS (a54fef5ce006b4098e68cc6ba8c4e871)] -> id: password]
2023-06-11 17:06:933 INFO  AccountPage :117 - Enter mobile number 7525655114 to mobile number field [[ChromeDriver: chrome on WINDOWS (a54fef5ce006b4098e68cc6ba8c4e871)] -> xpath: //label[contains(text(),'Mobile Number')]]
2023-06-11 17:06:405 INFO  AccountPage :127 - Select a day from drop down 
2023-06-11 17:06:75 INFO  AccountPage :133 - Select a month from drop down 
2023-06-11 17:06:171 INFO  AccountPage :139 - Select a year from drop down 
2023-06-11 17:06:603 INFO  HomePage :31 - Clicking on sign up link: [[ChromeDriver: chrome on WINDOWS (4d313c7021fd45c5d57c19b9d44e06c4)] -> link text: Sign Up]
2023-06-11 17:06:750 INFO  AccountPage :83 - Enter first name Maria to firstName field [[ChromeDriver: chrome on WINDOWS (4d313c7021fd45c5d57c19b9d44e06c4)] -> id: first_name]
2023-06-11 17:06:634 INFO  AccountPage :89 - Enter last name Smith to lastName field [[ChromeDriver: chrome on WINDOWS (4d313c7021fd45c5d57c19b9d44e06c4)] -> id: last_name]
2023-06-11 17:06:115 INFO  AccountPage :95 - Clicking on continue tab on account page: [[ChromeDriver: chrome on WINDOWS (4d313c7021fd45c5d57c19b9d44e06c4)] -> xpath: //span[contains(text(),'Continue')]]
2023-06-11 17:06:74 INFO  AccountPage :100 - Clicking on female tab on account page: [[ChromeDriver: chrome on WINDOWS (4d313c7021fd45c5d57c19b9d44e06c4)] -> xpath: //label[normalize-space()='Female']]
2023-06-11 17:06:288 INFO  AccountPage :106 - Enter email [[ChromeDriver: chrome on WINDOWS (4d313c7021fd45c5d57c19b9d44e06c4)] -> id: regpath_form_email_input]
2023-06-11 17:06:219 INFO  AccountPage :111 - Enter password Mariasmith@123 to password field [[ChromeDriver: chrome on WINDOWS (4d313c7021fd45c5d57c19b9d44e06c4)] -> id: password]
2023-06-11 17:06:953 INFO  AccountPage :117 - Enter mobile number 7525655114 to mobile number field [[ChromeDriver: chrome on WINDOWS (4d313c7021fd45c5d57c19b9d44e06c4)] -> xpath: //label[contains(text(),'Mobile Number')]]
2023-06-11 17:06:987 INFO  AccountPage :127 - Select a day from drop down 
2023-06-11 17:06:255 INFO  AccountPage :133 - Select a month from drop down 
2023-06-11 17:06:737 INFO  AccountPage :139 - Select a year from drop down 
2023-06-11 17:06:381 INFO  HomePage :31 - Clicking on sign up link: [[ChromeDriver: chrome on WINDOWS (5f23b0ce77822847bf6a8d51969b082e)] -> link text: Sign Up]
2023-06-11 17:06:298 INFO  AccountPage :83 - Enter first name Maria to firstName field [[ChromeDriver: chrome on WINDOWS (5f23b0ce77822847bf6a8d51969b082e)] -> id: first_name]
2023-06-11 17:06:322 INFO  AccountPage :89 - Enter last name Smith to lastName field [[ChromeDriver: chrome on WINDOWS (5f23b0ce77822847bf6a8d51969b082e)] -> id: last_name]
2023-06-11 17:06:197 INFO  AccountPage :95 - Clicking on continue tab on account page: [[ChromeDriver: chrome on WINDOWS (5f23b0ce77822847bf6a8d51969b082e)] -> xpath: //span[contains(text(),'Continue')]]
2023-06-11 17:06:867 INFO  AccountPage :100 - Clicking on female tab on account page: [[ChromeDriver: chrome on WINDOWS (5f23b0ce77822847bf6a8d51969b082e)] -> xpath: //label[normalize-space()='Female']]
2023-06-11 17:06:468 INFO  AccountPage :106 - Enter email [[ChromeDriver: chrome on WINDOWS (5f23b0ce77822847bf6a8d51969b082e)] -> id: regpath_form_email_input]
2023-06-11 17:06:297 INFO  AccountPage :111 - Enter password Mariasmith@123 to password field [[ChromeDriver: chrome on WINDOWS (5f23b0ce77822847bf6a8d51969b082e)] -> id: password]
2023-06-11 17:06:163 INFO  AccountPage :117 - Enter mobile number 7525655114 to mobile number field [[ChromeDriver: chrome on WINDOWS (5f23b0ce77822847bf6a8d51969b082e)] -> xpath: //label[contains(text(),'Mobile Number')]]
2023-06-11 17:06:204 INFO  AccountPage :127 - Select a day from drop down 
2023-06-11 17:06:366 INFO  AccountPage :133 - Select a month from drop down 
2023-06-11 17:06:47 INFO  AccountPage :139 - Select a year from drop down 
2023-06-11 17:06:976 INFO  AccountPage :150 - Enter house number 4,CrossWay to address field [[ChromeDriver: chrome on WINDOWS (5f23b0ce77822847bf6a8d51969b082e)] -> id: address1]
2023-06-11 17:06:334 INFO  AccountPage :155 - Enter locality  Slough to address field [[ChromeDriver: chrome on WINDOWS (5f23b0ce77822847bf6a8d51969b082e)] -> xpath: (//input[@id='address2'])[1]]
2023-06-11 17:06:219 INFO  AccountPage :160 - Enter city  Reading to address field [[ChromeDriver: chrome on WINDOWS (5f23b0ce77822847bf6a8d51969b082e)] -> id: address3]
2023-06-11 17:06:854 INFO  AccountPage :170 - Enter postcode  OX189FG to address field [[ChromeDriver: chrome on WINDOWS (5f23b0ce77822847bf6a8d51969b082e)] -> id: postcode]
2023-06-11 17:06:60 INFO  AccountPage :175 - Clicking on continue tab on account page: [[ChromeDriver: chrome on WINDOWS (5f23b0ce77822847bf6a8d51969b082e)] -> xpath: //span[@class='regpath__button-next-text']]
2023-06-11 17:06:441 INFO  HomePage :37 - Clicking on sign up link: [[ChromeDriver: chrome on WINDOWS (95c84068f00d75855583eb51ca4576a7)] -> link text: Log In]
2023-06-11 17:06:396 INFO  LoginPage :30 - Enter username john@123gmail.com to firstName field Proxy element for: DefaultElementLocator 'By.xpath: //label[contains(text(),'Username or Email Address')]'
2023-06-11 17:06:899 INFO  HomePage :37 - Clicking on sign up link: [[ChromeDriver: chrome on WINDOWS (3035ca93bb741668307ab05d337d6134)] -> link text: Log In]
2023-06-11 17:06:881 INFO  LoginPage :30 - Enter username john@123gmail.com to firstName field Proxy element for: DefaultElementLocator 'By.id: username'
2023-06-11 21:06:960 INFO  HomePage :31 - Clicking on sign up link: [[ChromeDriver: chrome on WINDOWS (1e82a073ed40d9fac7fcc3af40341239)] -> link text: Sign Up]
2023-06-11 21:06:489 INFO  AccountPage :82 - Enter first name Maria to firstName field [[ChromeDriver: chrome on WINDOWS (1e82a073ed40d9fac7fcc3af40341239)] -> id: first_name]
2023-06-11 21:06:416 INFO  AccountPage :88 - Enter last name Smith to lastName field [[ChromeDriver: chrome on WINDOWS (1e82a073ed40d9fac7fcc3af40341239)] -> id: last_name]
2023-06-11 21:06:477 INFO  AccountPage :94 - Clicking on continue tab on account page: [[ChromeDriver: chrome on WINDOWS (1e82a073ed40d9fac7fcc3af40341239)] -> xpath: //span[contains(text(),'Continue')]]
2023-06-11 21:06:135 INFO  AccountPage :99 - Clicking on female tab on account page: [[ChromeDriver: chrome on WINDOWS (1e82a073ed40d9fac7fcc3af40341239)] -> xpath: //label[normalize-space()='Female']]
2023-06-11 21:06:12 INFO  AccountPage :105 - Enter email [[ChromeDriver: chrome on WINDOWS (1e82a073ed40d9fac7fcc3af40341239)] -> id: regpath_form_email_input]
2023-06-11 21:06:689 INFO  AccountPage :110 - Enter password Mariasmith@123 to password field [[ChromeDriver: chrome on WINDOWS (1e82a073ed40d9fac7fcc3af40341239)] -> id: password]
2023-06-11 21:06:423 INFO  AccountPage :116 - Enter mobile number 7852658932 to mobile number field [[ChromeDriver: chrome on WINDOWS (1e82a073ed40d9fac7fcc3af40341239)] -> xpath: //label[contains(text(),'Mobile Number')]]
2023-06-11 21:06:90 INFO  HomePage :31 - Clicking on sign up link: [[ChromeDriver: chrome on WINDOWS (799977aa044f0f49502617366310f32e)] -> link text: Sign Up]
2023-06-11 21:06:535 INFO  AccountPage :82 - Enter first name Maria to firstName field [[ChromeDriver: chrome on WINDOWS (799977aa044f0f49502617366310f32e)] -> id: first_name]
2023-06-11 21:06:583 INFO  AccountPage :88 - Enter last name Smith to lastName field [[ChromeDriver: chrome on WINDOWS (799977aa044f0f49502617366310f32e)] -> id: last_name]
2023-06-11 21:06:951 INFO  AccountPage :94 - Clicking on continue tab on account page: [[ChromeDriver: chrome on WINDOWS (799977aa044f0f49502617366310f32e)] -> xpath: //span[contains(text(),'Continue')]]
2023-06-11 21:06:685 INFO  AccountPage :99 - Clicking on female tab on account page: [[ChromeDriver: chrome on WINDOWS (799977aa044f0f49502617366310f32e)] -> xpath: //label[normalize-space()='Female']]
2023-06-11 21:06:292 INFO  AccountPage :105 - Enter email [[ChromeDriver: chrome on WINDOWS (799977aa044f0f49502617366310f32e)] -> id: regpath_form_email_input]
2023-06-11 21:06:284 INFO  AccountPage :110 - Enter password Mariasmith@123 to password field [[ChromeDriver: chrome on WINDOWS (799977aa044f0f49502617366310f32e)] -> id: password]
2023-06-11 21:06:32 INFO  AccountPage :116 - Enter mobile number 7852658932 to mobile number field [[ChromeDriver: chrome on WINDOWS (799977aa044f0f49502617366310f32e)] -> xpath: //label[contains(text(),'Mobile Number')]]
2023-06-11 21:06:290 INFO  HomePage :31 - Clicking on sign up link: [[ChromeDriver: chrome on WINDOWS (de1719d2c5d1cd0c250456cf5de0919c)] -> link text: Sign Up]
2023-06-11 21:06:955 INFO  AccountPage :83 - Enter first name Maria to firstName field [[ChromeDriver: chrome on WINDOWS (de1719d2c5d1cd0c250456cf5de0919c)] -> id: first_name]
2023-06-11 21:06:837 INFO  AccountPage :89 - Enter last name Smith to lastName field [[ChromeDriver: chrome on WINDOWS (de1719d2c5d1cd0c250456cf5de0919c)] -> id: last_name]
2023-06-11 21:06:872 INFO  AccountPage :95 - Clicking on continue tab on account page: [[ChromeDriver: chrome on WINDOWS (de1719d2c5d1cd0c250456cf5de0919c)] -> xpath: //span[contains(text(),'Continue')]]
2023-06-11 21:06:317 INFO  AccountPage :100 - Clicking on female tab on account page: [[ChromeDriver: chrome on WINDOWS (de1719d2c5d1cd0c250456cf5de0919c)] -> xpath: //label[normalize-space()='Female']]
2023-06-11 21:06:12 INFO  AccountPage :106 - Enter email [[ChromeDriver: chrome on WINDOWS (de1719d2c5d1cd0c250456cf5de0919c)] -> id: regpath_form_email_input]
2023-06-11 21:06:662 INFO  AccountPage :111 - Enter password Mariasmith@123 to password field [[ChromeDriver: chrome on WINDOWS (de1719d2c5d1cd0c250456cf5de0919c)] -> id: password]
2023-06-11 21:06:290 INFO  AccountPage :117 - Enter mobile number 7852658932 to mobile number field [[ChromeDriver: chrome on WINDOWS (de1719d2c5d1cd0c250456cf5de0919c)] -> xpath: //label[contains(text(),'Mobile Number')]]
2023-06-11 21:06:316 INFO  AccountPage :127 - Select a day from drop down 
2023-06-11 21:06:565 INFO  AccountPage :133 - Select a month from drop down 
2023-06-11 21:06:81 INFO  AccountPage :139 - Select a year from drop down 
2023-06-11 21:06:672 INFO  AccountPage :150 - Enter house number 4,CrossWay to address field [[ChromeDriver: chrome on WINDOWS (de1719d2c5d1cd0c250456cf5de0919c)] -> id: address1]
2023-06-11 21:06:455 INFO  AccountPage :155 - Enter locality  Slough to address field [[ChromeDriver: chrome on WINDOWS (de1719d2c5d1cd0c250456cf5de0919c)] -> xpath: (//input[@id='address2'])[1]]
2023-06-11 21:06:18 INFO  AccountPage :160 - Enter city  Reading to address field [[ChromeDriver: chrome on WINDOWS (de1719d2c5d1cd0c250456cf5de0919c)] -> id: address3]
2023-06-11 21:06:472 INFO  AccountPage :170 - Enter postcode  OX189FG to address field [[ChromeDriver: chrome on WINDOWS (de1719d2c5d1cd0c250456cf5de0919c)] -> id: postcode]
2023-06-11 21:06:119 INFO  AccountPage :175 - Clicking on continue tab on account page: [[ChromeDriver: chrome on WINDOWS (de1719d2c5d1cd0c250456cf5de0919c)] -> xpath: //span[@class='regpath__button-next-text']]
2023-06-11 21:06:247 INFO  HomePage :31 - Clicking on sign up link: [[ChromeDriver: chrome on WINDOWS (4628e6490011104eaab769e27624667e)] -> link text: Sign Up]
2023-06-11 21:06:115 INFO  AccountPage :82 - Enter first name Maria to firstName field [[ChromeDriver: chrome on WINDOWS (4628e6490011104eaab769e27624667e)] -> id: first_name]
2023-06-11 21:06:820 INFO  AccountPage :88 - Enter last name Smith to lastName field [[ChromeDriver: chrome on WINDOWS (4628e6490011104eaab769e27624667e)] -> id: last_name]
2023-06-11 21:06:91 INFO  AccountPage :94 - Clicking on continue tab on account page: [[ChromeDriver: chrome on WINDOWS (4628e6490011104eaab769e27624667e)] -> xpath: //span[contains(text(),'Continue')]]
2023-06-11 21:06:585 INFO  AccountPage :99 - Clicking on female tab on account page: [[ChromeDriver: chrome on WINDOWS (4628e6490011104eaab769e27624667e)] -> xpath: //label[normalize-space()='Female']]
2023-06-11 21:06:235 INFO  AccountPage :105 - Enter email [[ChromeDriver: chrome on WINDOWS (4628e6490011104eaab769e27624667e)] -> id: regpath_form_email_input]
2023-06-11 21:06:120 INFO  AccountPage :110 - Enter password Mariasmith@123 to password field [[ChromeDriver: chrome on WINDOWS (4628e6490011104eaab769e27624667e)] -> id: password]
2023-06-11 21:06:952 INFO  AccountPage :116 - Enter mobile number 7852658932 to mobile number field [[ChromeDriver: chrome on WINDOWS (4628e6490011104eaab769e27624667e)] -> xpath: //label[contains(text(),'Mobile Number')]]
2023-06-11 21:06:14 INFO  HomePage :31 - Clicking on sign up link: [[ChromeDriver: chrome on WINDOWS (6a2feac19068e43cf1b65ff7c9844948)] -> link text: Sign Up]
2023-06-11 21:06:257 INFO  AccountPage :82 - Enter first name Maria to firstName field [[ChromeDriver: chrome on WINDOWS (6a2feac19068e43cf1b65ff7c9844948)] -> id: first_name]
2023-06-11 21:06:257 INFO  AccountPage :88 - Enter last name Smith to lastName field [[ChromeDriver: chrome on WINDOWS (6a2feac19068e43cf1b65ff7c9844948)] -> id: last_name]
2023-06-11 21:06:203 INFO  AccountPage :94 - Clicking on continue tab on account page: [[ChromeDriver: chrome on WINDOWS (6a2feac19068e43cf1b65ff7c9844948)] -> xpath: //span[contains(text(),'Continue')]]
2023-06-11 21:06:983 INFO  AccountPage :99 - Clicking on female tab on account page: [[ChromeDriver: chrome on WINDOWS (6a2feac19068e43cf1b65ff7c9844948)] -> xpath: //label[normalize-space()='Female']]
2023-06-11 21:06:301 INFO  AccountPage :105 - Enter email [[ChromeDriver: chrome on WINDOWS (6a2feac19068e43cf1b65ff7c9844948)] -> id: regpath_form_email_input]
2023-06-11 21:06:539 INFO  AccountPage :110 - Enter password Mariasmith@123 to password field [[ChromeDriver: chrome on WINDOWS (6a2feac19068e43cf1b65ff7c9844948)] -> id: password]
2023-06-11 21:06:336 INFO  AccountPage :116 - Enter mobile number 7852658932 to mobile number field [[ChromeDriver: chrome on WINDOWS (6a2feac19068e43cf1b65ff7c9844948)] -> id: phone_number]
2023-06-11 21:06:52 INFO  AccountPage :126 - Select a day from drop down 
2023-06-11 21:06:360 INFO  AccountPage :132 - Select a month from drop down 
2023-06-11 21:06:963 INFO  AccountPage :138 - Select a year from drop down 
2023-06-11 21:06:379 INFO  AccountPage :149 - Enter house number 4,CrossWay to address field [[ChromeDriver: chrome on WINDOWS (6a2feac19068e43cf1b65ff7c9844948)] -> id: address1]
2023-06-11 21:06:375 INFO  AccountPage :154 - Enter locality  Slough to address field [[ChromeDriver: chrome on WINDOWS (6a2feac19068e43cf1b65ff7c9844948)] -> xpath: (//input[@id='address2'])[1]]
2023-06-11 21:06:381 INFO  AccountPage :159 - Enter city  Reading to address field [[ChromeDriver: chrome on WINDOWS (6a2feac19068e43cf1b65ff7c9844948)] -> id: address3]
2023-06-11 21:06:374 INFO  AccountPage :169 - Enter postcode  OX189FG to address field [[ChromeDriver: chrome on WINDOWS (6a2feac19068e43cf1b65ff7c9844948)] -> id: postcode]
2023-06-11 21:06:806 INFO  AccountPage :174 - Clicking on continue tab on account page: [[ChromeDriver: chrome on WINDOWS (6a2feac19068e43cf1b65ff7c9844948)] -> xpath: //span[@class='regpath__button-next-text']]
2023-06-11 22:06:516 INFO  HomePage :31 - Clicking on sign up link: [[ChromeDriver: chrome on WINDOWS (022b7229cdbc4a8b878b59de24007171)] -> link text: Sign Up]
2023-06-11 22:06:120 INFO  AccountPage :95 - Enter first name Maria to firstName field [[ChromeDriver: chrome on WINDOWS (022b7229cdbc4a8b878b59de24007171)] -> id: first_name]
2023-06-11 22:06:864 INFO  AccountPage :101 - Enter last name Smith to lastName field [[ChromeDriver: chrome on WINDOWS (022b7229cdbc4a8b878b59de24007171)] -> id: last_name]
2023-06-11 22:06:529 INFO  AccountPage :107 - Clicking on continue tab on account page: [[ChromeDriver: chrome on WINDOWS (022b7229cdbc4a8b878b59de24007171)] -> xpath: //span[contains(text(),'Continue')]]
2023-06-11 22:06:250 INFO  AccountPage :112 - Clicking on female tab on account page: [[ChromeDriver: chrome on WINDOWS (022b7229cdbc4a8b878b59de24007171)] -> xpath: //label[normalize-space()='Female']]
2023-06-11 22:06:356 INFO  AccountPage :118 - Enter email [[ChromeDriver: chrome on WINDOWS (022b7229cdbc4a8b878b59de24007171)] -> id: regpath_form_email_input]
2023-06-11 22:06:461 INFO  AccountPage :123 - Enter password Mariasmith@123 to password field [[ChromeDriver: chrome on WINDOWS (022b7229cdbc4a8b878b59de24007171)] -> id: password]
2023-06-11 22:06:170 INFO  AccountPage :129 - Enter mobile number 7852658932 to mobile number field [[ChromeDriver: chrome on WINDOWS (022b7229cdbc4a8b878b59de24007171)] -> id: phone_number]
2023-06-11 22:06:697 INFO  AccountPage :135 - Select a day from drop down 
2023-06-11 22:06:968 INFO  AccountPage :141 - Select a month from drop down 
2023-06-11 22:06:434 INFO  AccountPage :147 - Select a year from drop down 
2023-06-11 22:06:227 INFO  AccountPage :158 - Enter house number 4,CrossWay to address field [[ChromeDriver: chrome on WINDOWS (022b7229cdbc4a8b878b59de24007171)] -> id: address1]
2023-06-11 22:06:885 INFO  AccountPage :163 - Enter locality  Slough to address field [[ChromeDriver: chrome on WINDOWS (022b7229cdbc4a8b878b59de24007171)] -> xpath: (//input[@id='address2'])[1]]
2023-06-11 22:06:413 INFO  AccountPage :168 - Enter city  Reading to address field [[ChromeDriver: chrome on WINDOWS (022b7229cdbc4a8b878b59de24007171)] -> id: address3]
2023-06-11 22:06:982 INFO  AccountPage :178 - Enter postcode  OX189FG to address field [[ChromeDriver: chrome on WINDOWS (022b7229cdbc4a8b878b59de24007171)] -> id: postcode]
2023-06-11 22:06:519 INFO  AccountPage :183 - Clicking on continue tab on account page: [[ChromeDriver: chrome on WINDOWS (022b7229cdbc4a8b878b59de24007171)] -> xpath: //span[@class='regpath__button-next-text']]
2023-06-11 22:06:992 INFO  AccountPage :187 - Clicking on marketing checkbox: [[ChromeDriver: chrome on WINDOWS (022b7229cdbc4a8b878b59de24007171)] -> xpath: //label[@for='marketing_opt_in']]
2023-06-11 22:06:134 INFO  AccountPage :193 - Clicking on terms checkbox: [[ChromeDriver: chrome on WINDOWS (022b7229cdbc4a8b878b59de24007171)] -> xpath: //label[@for='terms_privacy_policy']]
2023-06-11 22:06:245 INFO  AccountPage :199 - Clicking on create account tab: [[ChromeDriver: chrome on WINDOWS (022b7229cdbc4a8b878b59de24007171)] -> xpath: //button[normalize-space()='Create Account']]
2023-06-11 22:06:150 INFO  HomePage :31 - Clicking on sign up link: [[ChromeDriver: chrome on WINDOWS (9e755488eb881fa4ab9127a2b3036cfb)] -> link text: Sign Up]
2023-06-11 22:06:637 INFO  AccountPage :95 - Enter first name Maria to firstName field [[ChromeDriver: chrome on WINDOWS (9e755488eb881fa4ab9127a2b3036cfb)] -> id: first_name]
2023-06-11 22:06:996 INFO  AccountPage :101 - Enter last name Smith to lastName field [[ChromeDriver: chrome on WINDOWS (9e755488eb881fa4ab9127a2b3036cfb)] -> id: last_name]
2023-06-11 22:06:596 INFO  AccountPage :107 - Clicking on continue tab on account page: [[ChromeDriver: chrome on WINDOWS (9e755488eb881fa4ab9127a2b3036cfb)] -> xpath: //span[contains(text(),'Continue')]]
2023-06-11 22:06:22 INFO  AccountPage :112 - Clicking on female tab on account page: [[ChromeDriver: chrome on WINDOWS (9e755488eb881fa4ab9127a2b3036cfb)] -> xpath: //label[normalize-space()='Female']]
2023-06-11 22:06:393 INFO  AccountPage :118 - Enter email [[ChromeDriver: chrome on WINDOWS (9e755488eb881fa4ab9127a2b3036cfb)] -> id: regpath_form_email_input]
2023-06-11 22:06:373 INFO  AccountPage :123 - Enter password Mariasmith@123 to password field [[ChromeDriver: chrome on WINDOWS (9e755488eb881fa4ab9127a2b3036cfb)] -> id: password]
2023-06-11 22:06:268 INFO  AccountPage :129 - Enter mobile number 7852658932 to mobile number field [[ChromeDriver: chrome on WINDOWS (9e755488eb881fa4ab9127a2b3036cfb)] -> id: phone_number]
2023-06-11 22:06:852 INFO  AccountPage :135 - Select a day from drop down 
2023-06-11 22:06:462 INFO  AccountPage :141 - Select a month from drop down 
2023-06-11 22:06:799 INFO  AccountPage :147 - Select a year from drop down 
2023-06-11 22:06:529 INFO  AccountPage :158 - Enter house number 4,CrossWay to address field [[ChromeDriver: chrome on WINDOWS (9e755488eb881fa4ab9127a2b3036cfb)] -> id: address1]
2023-06-11 22:06:173 INFO  AccountPage :163 - Enter locality  Slough to address field [[ChromeDriver: chrome on WINDOWS (9e755488eb881fa4ab9127a2b3036cfb)] -> xpath: (//input[@id='address2'])[1]]
2023-06-11 22:06:834 INFO  AccountPage :168 - Enter city  Reading to address field [[ChromeDriver: chrome on WINDOWS (9e755488eb881fa4ab9127a2b3036cfb)] -> id: address3]
2023-06-11 22:06:892 INFO  AccountPage :178 - Enter postcode  OX189FG to address field [[ChromeDriver: chrome on WINDOWS (9e755488eb881fa4ab9127a2b3036cfb)] -> id: postcode]
2023-06-11 22:06:208 INFO  AccountPage :183 - Clicking on continue tab on account page: [[ChromeDriver: chrome on WINDOWS (9e755488eb881fa4ab9127a2b3036cfb)] -> xpath: //span[@class='regpath__button-next-text']]
2023-06-11 22:06:467 INFO  AccountPage :187 - Clicking on marketing checkbox: [[ChromeDriver: chrome on WINDOWS (9e755488eb881fa4ab9127a2b3036cfb)] -> xpath: //label[@for='marketing_opt_in']]
2023-06-11 22:06:652 INFO  AccountPage :193 - Clicking on terms checkbox: [[ChromeDriver: chrome on WINDOWS (9e755488eb881fa4ab9127a2b3036cfb)] -> xpath: //label[@for='terms_privacy_policy']]
2023-06-11 22:06:802 INFO  AccountPage :199 - Clicking on create account tab: [[ChromeDriver: chrome on WINDOWS (9e755488eb881fa4ab9127a2b3036cfb)] -> xpath: //button[normalize-space()='Create Account']]
2023-06-11 22:06:819 INFO  HomePage :31 - Clicking on sign up link: [[ChromeDriver: chrome on WINDOWS (34e48d3625186dd5b90a60594c21c7ce)] -> link text: Sign Up]
2023-06-11 22:06:721 INFO  AccountPage :95 - Enter first name Maria to firstName field [[ChromeDriver: chrome on WINDOWS (34e48d3625186dd5b90a60594c21c7ce)] -> id: first_name]
2023-06-11 22:06:875 INFO  AccountPage :101 - Enter last name Smith to lastName field [[ChromeDriver: chrome on WINDOWS (34e48d3625186dd5b90a60594c21c7ce)] -> id: last_name]
2023-06-11 22:06:34 INFO  AccountPage :107 - Clicking on continue tab on account page: [[ChromeDriver: chrome on WINDOWS (34e48d3625186dd5b90a60594c21c7ce)] -> xpath: //span[contains(text(),'Continue')]]
2023-06-11 22:06:422 INFO  AccountPage :112 - Clicking on female tab on account page: [[ChromeDriver: chrome on WINDOWS (34e48d3625186dd5b90a60594c21c7ce)] -> xpath: //label[normalize-space()='Female']]
2023-06-11 22:06:615 INFO  AccountPage :118 - Enter email [[ChromeDriver: chrome on WINDOWS (34e48d3625186dd5b90a60594c21c7ce)] -> id: regpath_form_email_input]
2023-06-11 22:06:396 INFO  AccountPage :123 - Enter password Mariasmith@123 to password field [[ChromeDriver: chrome on WINDOWS (34e48d3625186dd5b90a60594c21c7ce)] -> id: password]
2023-06-11 22:06:890 INFO  AccountPage :129 - Enter mobile number 7852658932 to mobile number field [[ChromeDriver: chrome on WINDOWS (34e48d3625186dd5b90a60594c21c7ce)] -> id: phone_number]
2023-06-11 22:06:442 INFO  AccountPage :135 - Select a day from drop down 
2023-06-11 22:06:697 INFO  AccountPage :141 - Select a month from drop down 
2023-06-11 22:06:193 INFO  AccountPage :147 - Select a year from drop down 
2023-06-11 22:06:888 INFO  AccountPage :158 - Enter house number 4,CrossWay to address field [[ChromeDriver: chrome on WINDOWS (34e48d3625186dd5b90a60594c21c7ce)] -> id: address1]
2023-06-11 22:06:544 INFO  AccountPage :163 - Enter locality  Slough to address field [[ChromeDriver: chrome on WINDOWS (34e48d3625186dd5b90a60594c21c7ce)] -> xpath: (//input[@id='address2'])[1]]
2023-06-11 22:06:102 INFO  AccountPage :168 - Enter city  Reading to address field [[ChromeDriver: chrome on WINDOWS (34e48d3625186dd5b90a60594c21c7ce)] -> id: address3]
2023-06-11 22:06:644 INFO  AccountPage :178 - Enter postcode  OX189FG to address field [[ChromeDriver: chrome on WINDOWS (34e48d3625186dd5b90a60594c21c7ce)] -> id: postcode]
2023-06-11 22:06:188 INFO  AccountPage :183 - Clicking on continue tab on account page: [[ChromeDriver: chrome on WINDOWS (34e48d3625186dd5b90a60594c21c7ce)] -> xpath: //span[@class='regpath__button-next-text']]
2023-06-11 22:06:679 INFO  AccountPage :187 - Clicking on marketing checkbox: [[ChromeDriver: chrome on WINDOWS (34e48d3625186dd5b90a60594c21c7ce)] -> xpath: //label[@for='marketing_opt_in']]
2023-06-11 22:06:816 INFO  AccountPage :193 - Clicking on terms checkbox: [[ChromeDriver: chrome on WINDOWS (34e48d3625186dd5b90a60594c21c7ce)] -> xpath: //label[@for='terms_privacy_policy']]
2023-06-11 22:06:900 INFO  AccountPage :199 - Clicking on create account tab: [[ChromeDriver: chrome on WINDOWS (34e48d3625186dd5b90a60594c21c7ce)] -> xpath: //button[normalize-space()='Create Account']]
2023-06-11 22:06:530 INFO  HomePage :31 - Clicking on sign up link: [[ChromeDriver: chrome on WINDOWS (5397e45dce622bcf504f134de53dc3cd)] -> link text: Sign Up]
2023-06-11 22:06:434 INFO  AccountPage :95 - Enter first name Maria to firstName field [[ChromeDriver: chrome on WINDOWS (5397e45dce622bcf504f134de53dc3cd)] -> id: first_name]
2023-06-11 22:06:431 INFO  AccountPage :101 - Enter last name Smith to lastName field [[ChromeDriver: chrome on WINDOWS (5397e45dce622bcf504f134de53dc3cd)] -> id: last_name]
2023-06-11 22:06:456 INFO  AccountPage :107 - Clicking on continue tab on account page: [[ChromeDriver: chrome on WINDOWS (5397e45dce622bcf504f134de53dc3cd)] -> xpath: //span[contains(text(),'Continue')]]
2023-06-11 22:06:53 INFO  AccountPage :112 - Clicking on female tab on account page: [[ChromeDriver: chrome on WINDOWS (5397e45dce622bcf504f134de53dc3cd)] -> xpath: //label[normalize-space()='Female']]
2023-06-11 22:06:752 INFO  AccountPage :118 - Enter email [[ChromeDriver: chrome on WINDOWS (5397e45dce622bcf504f134de53dc3cd)] -> id: regpath_form_email_input]
2023-06-11 22:06:521 INFO  AccountPage :123 - Enter password Mariasmith@123 to password field [[ChromeDriver: chrome on WINDOWS (5397e45dce622bcf504f134de53dc3cd)] -> id: password]
2023-06-11 22:06:261 INFO  AccountPage :129 - Enter mobile number 7852658932 to mobile number field [[ChromeDriver: chrome on WINDOWS (5397e45dce622bcf504f134de53dc3cd)] -> id: phone_number]
2023-06-11 22:06:795 INFO  AccountPage :135 - Select a day from drop down 
2023-06-11 22:06:54 INFO  AccountPage :141 - Select a month from drop down 
2023-06-11 22:06:542 INFO  AccountPage :147 - Select a year from drop down 
2023-06-11 22:06:298 INFO  AccountPage :158 - Enter house number 4,CrossWay to address field [[ChromeDriver: chrome on WINDOWS (5397e45dce622bcf504f134de53dc3cd)] -> id: address1]
2023-06-11 22:06:930 INFO  AccountPage :163 - Enter locality  Slough to address field [[ChromeDriver: chrome on WINDOWS (5397e45dce622bcf504f134de53dc3cd)] -> xpath: (//input[@id='address2'])[1]]
2023-06-11 22:06:527 INFO  AccountPage :168 - Enter city  Reading to address field [[ChromeDriver: chrome on WINDOWS (5397e45dce622bcf504f134de53dc3cd)] -> id: address3]
2023-06-11 22:06:121 INFO  AccountPage :178 - Enter postcode  OX189FG to address field [[ChromeDriver: chrome on WINDOWS (5397e45dce622bcf504f134de53dc3cd)] -> id: postcode]
2023-06-11 22:06:576 INFO  AccountPage :183 - Clicking on continue tab on account page: [[ChromeDriver: chrome on WINDOWS (5397e45dce622bcf504f134de53dc3cd)] -> xpath: //span[@class='regpath__button-next-text']]
2023-06-11 22:06:931 INFO  AccountPage :187 - Clicking on marketing checkbox: [[ChromeDriver: chrome on WINDOWS (5397e45dce622bcf504f134de53dc3cd)] -> xpath: //label[@for='marketing_opt_in']]
2023-06-11 22:06:56 INFO  AccountPage :193 - Clicking on terms checkbox: [[ChromeDriver: chrome on WINDOWS (5397e45dce622bcf504f134de53dc3cd)] -> xpath: //label[@for='terms_privacy_policy']]
2023-06-11 22:06:145 INFO  AccountPage :199 - Clicking on create account tab: [[ChromeDriver: chrome on WINDOWS (5397e45dce622bcf504f134de53dc3cd)] -> xpath: //button[contains(text(),'Create Account')]]
2023-06-11 22:06:474 INFO  HomePage :31 - Clicking on sign up link: [[ChromeDriver: chrome on WINDOWS (58c384b8dda3d861aab9f899692b7c33)] -> link text: Sign Up]
2023-06-11 22:06:81 INFO  AccountPage :95 - Enter first name Maria to firstName field [[ChromeDriver: chrome on WINDOWS (58c384b8dda3d861aab9f899692b7c33)] -> id: first_name]
2023-06-11 22:06:76 INFO  AccountPage :101 - Enter last name Smith to lastName field [[ChromeDriver: chrome on WINDOWS (58c384b8dda3d861aab9f899692b7c33)] -> id: last_name]
2023-06-11 22:06:133 INFO  AccountPage :107 - Clicking on continue tab on account page: [[ChromeDriver: chrome on WINDOWS (58c384b8dda3d861aab9f899692b7c33)] -> xpath: //span[contains(text(),'Continue')]]
2023-06-11 22:06:799 INFO  AccountPage :112 - Clicking on female tab on account page: [[ChromeDriver: chrome on WINDOWS (58c384b8dda3d861aab9f899692b7c33)] -> xpath: //label[normalize-space()='Female']]
2023-06-11 22:06:977 INFO  AccountPage :118 - Enter email [[ChromeDriver: chrome on WINDOWS (58c384b8dda3d861aab9f899692b7c33)] -> id: regpath_form_email_input]
2023-06-11 22:06:943 INFO  AccountPage :123 - Enter password Mariasmith@123 to password field [[ChromeDriver: chrome on WINDOWS (58c384b8dda3d861aab9f899692b7c33)] -> id: password]
2023-06-11 22:06:616 INFO  AccountPage :129 - Enter mobile number 7852658932 to mobile number field [[ChromeDriver: chrome on WINDOWS (58c384b8dda3d861aab9f899692b7c33)] -> id: phone_number]
2023-06-11 22:06:176 INFO  AccountPage :135 - Select a day from drop down 
2023-06-11 22:06:681 INFO  AccountPage :141 - Select a month from drop down 
2023-06-11 22:06:111 INFO  AccountPage :147 - Select a year from drop down 
2023-06-11 22:06:526 INFO  AccountPage :158 - Enter house number 4,CrossWay to address field [[ChromeDriver: chrome on WINDOWS (58c384b8dda3d861aab9f899692b7c33)] -> id: address1]
2023-06-11 22:06:350 INFO  AccountPage :163 - Enter locality  Slough to address field [[ChromeDriver: chrome on WINDOWS (58c384b8dda3d861aab9f899692b7c33)] -> xpath: (//input[@id='address2'])[1]]
2023-06-11 22:06:963 INFO  AccountPage :168 - Enter city  Reading to address field [[ChromeDriver: chrome on WINDOWS (58c384b8dda3d861aab9f899692b7c33)] -> id: address3]
2023-06-11 22:06:261 INFO  AccountPage :178 - Enter postcode  OX189FG to address field [[ChromeDriver: chrome on WINDOWS (58c384b8dda3d861aab9f899692b7c33)] -> id: postcode]
2023-06-11 22:06:490 INFO  AccountPage :183 - Clicking on continue tab on account page: [[ChromeDriver: chrome on WINDOWS (58c384b8dda3d861aab9f899692b7c33)] -> xpath: //span[@class='regpath__button-next-text']]
2023-06-11 22:06:990 INFO  AccountPage :187 - Clicking on marketing checkbox: [[ChromeDriver: chrome on WINDOWS (58c384b8dda3d861aab9f899692b7c33)] -> xpath: //label[@for='marketing_opt_in']]
2023-06-11 22:06:517 INFO  AccountPage :193 - Clicking on terms checkbox: [[ChromeDriver: chrome on WINDOWS (58c384b8dda3d861aab9f899692b7c33)] -> xpath: //label[@for='terms_privacy_policy']]
2023-06-11 22:06:884 INFO  AccountPage :199 - Clicking on create account tab: [[ChromeDriver: chrome on WINDOWS (58c384b8dda3d861aab9f899692b7c33)] -> xpath: //button[contains(text(),'Create Account')]]
2023-06-11 22:06:604 INFO  HomePage :31 - Clicking on sign up link: [[ChromeDriver: chrome on WINDOWS (2a7e3683b56e495a9159bf18f4509ff9)] -> link text: Sign Up]
2023-06-11 22:06:105 INFO  AccountPage :95 - Enter first name Maria to firstName field [[ChromeDriver: chrome on WINDOWS (2a7e3683b56e495a9159bf18f4509ff9)] -> id: first_name]
2023-06-11 22:06:717 INFO  AccountPage :101 - Enter last name Smith to lastName field [[ChromeDriver: chrome on WINDOWS (2a7e3683b56e495a9159bf18f4509ff9)] -> id: last_name]
2023-06-11 22:06:397 INFO  AccountPage :107 - Clicking on continue tab on account page: [[ChromeDriver: chrome on WINDOWS (2a7e3683b56e495a9159bf18f4509ff9)] -> xpath: //span[contains(text(),'Continue')]]
2023-06-11 22:06:527 INFO  AccountPage :112 - Clicking on female tab on account page: [[ChromeDriver: chrome on WINDOWS (2a7e3683b56e495a9159bf18f4509ff9)] -> xpath: //label[normalize-space()='Female']]
2023-06-11 22:06:756 INFO  AccountPage :118 - Enter email [[ChromeDriver: chrome on WINDOWS (2a7e3683b56e495a9159bf18f4509ff9)] -> id: regpath_form_email_input]
2023-06-11 22:06:396 INFO  AccountPage :123 - Enter password Mariasmith@123 to password field [[ChromeDriver: chrome on WINDOWS (2a7e3683b56e495a9159bf18f4509ff9)] -> id: password]
2023-06-11 22:06:328 INFO  AccountPage :129 - Enter mobile number 7852658932 to mobile number field [[ChromeDriver: chrome on WINDOWS (2a7e3683b56e495a9159bf18f4509ff9)] -> id: phone_number]
2023-06-11 22:06:449 INFO  AccountPage :135 - Select a day from drop down 
2023-06-11 22:06:690 INFO  AccountPage :141 - Select a month from drop down 
2023-06-11 22:06:822 INFO  AccountPage :147 - Select a year from drop down 
2023-06-11 22:06:706 INFO  AccountPage :158 - Enter house number 4,CrossWay to address field [[ChromeDriver: chrome on WINDOWS (2a7e3683b56e495a9159bf18f4509ff9)] -> id: address1]
2023-06-11 22:06:952 INFO  AccountPage :163 - Enter locality  Slough to address field [[ChromeDriver: chrome on WINDOWS (2a7e3683b56e495a9159bf18f4509ff9)] -> xpath: (//input[@id='address2'])[1]]
2023-06-11 22:06:44 INFO  AccountPage :168 - Enter city  Reading to address field [[ChromeDriver: chrome on WINDOWS (2a7e3683b56e495a9159bf18f4509ff9)] -> id: address3]
2023-06-11 22:06:380 INFO  AccountPage :178 - Enter postcode  OX189FG to address field [[ChromeDriver: chrome on WINDOWS (2a7e3683b56e495a9159bf18f4509ff9)] -> id: postcode]
2023-06-11 22:06:517 INFO  AccountPage :183 - Clicking on continue tab on account page: [[ChromeDriver: chrome on WINDOWS (2a7e3683b56e495a9159bf18f4509ff9)] -> xpath: //span[@class='regpath__button-next-text']]
2023-06-11 22:06:62 INFO  AccountPage :187 - Clicking on marketing checkbox: [[ChromeDriver: chrome on WINDOWS (2a7e3683b56e495a9159bf18f4509ff9)] -> xpath: //label[@for='marketing_opt_in']]
2023-06-11 22:06:324 INFO  AccountPage :193 - Clicking on terms checkbox: [[ChromeDriver: chrome on WINDOWS (2a7e3683b56e495a9159bf18f4509ff9)] -> xpath: //label[@for='terms_privacy_policy']]
2023-06-11 22:06:529 INFO  AccountPage :199 - Clicking on create account tab: [[ChromeDriver: chrome on WINDOWS (2a7e3683b56e495a9159bf18f4509ff9)] -> xpath: //button[contains(text(),'Create Account')]]
2023-06-11 22:06:244 INFO  HomePage :31 - Clicking on sign up link: [[ChromeDriver: chrome on WINDOWS (c4d37b2ced8935a8200acceb1770e4c7)] -> link text: Sign Up]
2023-06-12 17:06:649 INFO  HomePage :31 - Clicking on sign up link: [[ChromeDriver: chrome on WINDOWS (04bfb817774a9846e09af80183301fcb)] -> link text: Sign Up]
2023-06-12 17:06:587 INFO  AccountPage :95 - Enter first name Maria to firstName field [[ChromeDriver: chrome on WINDOWS (04bfb817774a9846e09af80183301fcb)] -> id: first_name]
2023-06-12 17:06:457 INFO  AccountPage :101 - Enter last name Smith to lastName field [[ChromeDriver: chrome on WINDOWS (04bfb817774a9846e09af80183301fcb)] -> id: last_name]
2023-06-12 17:06:464 INFO  AccountPage :107 - Clicking on continue tab on account page: [[ChromeDriver: chrome on WINDOWS (04bfb817774a9846e09af80183301fcb)] -> xpath: //span[contains(text(),'Continue')]]
2023-06-12 17:06:815 INFO  AccountPage :112 - Clicking on female tab on account page: [[ChromeDriver: chrome on WINDOWS (04bfb817774a9846e09af80183301fcb)] -> xpath: //label[normalize-space()='Female']]
2023-06-12 17:06:82 INFO  AccountPage :118 - Enter email [[ChromeDriver: chrome on WINDOWS (04bfb817774a9846e09af80183301fcb)] -> id: regpath_form_email_input]
2023-06-12 17:06:716 INFO  AccountPage :123 - Enter password MariaSmith@12 to password field [[ChromeDriver: chrome on WINDOWS (04bfb817774a9846e09af80183301fcb)] -> id: password]
2023-06-12 17:06:792 INFO  AccountPage :129 - Enter mobile number 7852658932 to mobile number field [[ChromeDriver: chrome on WINDOWS (04bfb817774a9846e09af80183301fcb)] -> id: phone_number]
2023-06-12 17:06:362 INFO  AccountPage :135 - Select a day from drop down 
2023-06-12 17:06:958 INFO  AccountPage :141 - Select a month from drop down 
2023-06-12 17:06:386 INFO  AccountPage :147 - Select a year from drop down 
2023-06-12 17:06:985 INFO  AccountPage :158 - Enter house number 4,CrossWay to address field [[ChromeDriver: chrome on WINDOWS (04bfb817774a9846e09af80183301fcb)] -> id: address1]
2023-06-12 17:06:656 INFO  AccountPage :163 - Enter locality  Slough to address field [[ChromeDriver: chrome on WINDOWS (04bfb817774a9846e09af80183301fcb)] -> xpath: (//input[@id='address2'])[1]]
2023-06-12 17:06:154 INFO  AccountPage :168 - Enter city  Reading to address field [[ChromeDriver: chrome on WINDOWS (04bfb817774a9846e09af80183301fcb)] -> id: address3]
2023-06-12 17:06:717 INFO  AccountPage :178 - Enter postcode  OX189FG to address field [[ChromeDriver: chrome on WINDOWS (04bfb817774a9846e09af80183301fcb)] -> id: postcode]
2023-06-12 17:06:262 INFO  AccountPage :183 - Clicking on continue tab on account page: [[ChromeDriver: chrome on WINDOWS (04bfb817774a9846e09af80183301fcb)] -> xpath: //span[@class='regpath__button-next-text']]
2023-06-12 17:06:842 INFO  AccountPage :187 - Clicking on marketing checkbox: [[ChromeDriver: chrome on WINDOWS (04bfb817774a9846e09af80183301fcb)] -> xpath: //label[@for='marketing_opt_in']]
2023-06-12 17:06:05 INFO  AccountPage :193 - Clicking on terms checkbox: [[ChromeDriver: chrome on WINDOWS (04bfb817774a9846e09af80183301fcb)] -> xpath: //label[@for='terms_privacy_policy']]
2023-06-12 17:06:73 INFO  AccountPage :199 - Clicking on create account tab: [[ChromeDriver: chrome on WINDOWS (04bfb817774a9846e09af80183301fcb)] -> xpath: //button[contains(text(),'Create Account')]]
2023-06-12 17:06:23 INFO  HomePage :31 - Clicking on sign up link: [[ChromeDriver: chrome on WINDOWS (323b3e521c905dc523f7cd99233c6588)] -> link text: Sign Up]
2023-06-12 17:06:461 INFO  AccountPage :95 - Enter first name Maria to firstName field [[ChromeDriver: chrome on WINDOWS (323b3e521c905dc523f7cd99233c6588)] -> id: first_name]
2023-06-12 17:06:375 INFO  AccountPage :101 - Enter last name Smith to lastName field [[ChromeDriver: chrome on WINDOWS (323b3e521c905dc523f7cd99233c6588)] -> id: last_name]
2023-06-12 17:06:943 INFO  AccountPage :107 - Clicking on continue tab on account page: [[ChromeDriver: chrome on WINDOWS (323b3e521c905dc523f7cd99233c6588)] -> xpath: //span[contains(text(),'Continue')]]
2023-06-12 17:06:593 INFO  AccountPage :112 - Clicking on female tab on account page: [[ChromeDriver: chrome on WINDOWS (323b3e521c905dc523f7cd99233c6588)] -> xpath: //label[normalize-space()='Female']]
2023-06-12 17:06:864 INFO  AccountPage :118 - Enter email [[ChromeDriver: chrome on WINDOWS (323b3e521c905dc523f7cd99233c6588)] -> id: regpath_form_email_input]
2023-06-12 17:06:485 INFO  AccountPage :123 - Enter password Password@123 to password field [[ChromeDriver: chrome on WINDOWS (323b3e521c905dc523f7cd99233c6588)] -> id: password]
2023-06-12 17:06:66 INFO  AccountPage :129 - Enter mobile number 7852658932 to mobile number field [[ChromeDriver: chrome on WINDOWS (323b3e521c905dc523f7cd99233c6588)] -> id: phone_number]
2023-06-12 17:06:13 INFO  AccountPage :135 - Select a day from drop down 
2023-06-12 17:06:753 INFO  AccountPage :141 - Select a month from drop down 
2023-06-12 17:06:227 INFO  AccountPage :147 - Select a year from drop down 
2023-06-12 17:06:860 INFO  AccountPage :158 - Enter house number 4,CrossWay to address field [[ChromeDriver: chrome on WINDOWS (323b3e521c905dc523f7cd99233c6588)] -> id: address1]
2023-06-12 17:06:446 INFO  AccountPage :163 - Enter locality  Slough to address field [[ChromeDriver: chrome on WINDOWS (323b3e521c905dc523f7cd99233c6588)] -> xpath: (//input[@id='address2'])[1]]
2023-06-12 17:06:970 INFO  AccountPage :168 - Enter city  Reading to address field [[ChromeDriver: chrome on WINDOWS (323b3e521c905dc523f7cd99233c6588)] -> id: address3]
2023-06-12 17:06:502 INFO  AccountPage :178 - Enter postcode  OX189FG to address field [[ChromeDriver: chrome on WINDOWS (323b3e521c905dc523f7cd99233c6588)] -> id: postcode]
2023-06-12 17:06:979 INFO  AccountPage :183 - Clicking on continue tab on account page: [[ChromeDriver: chrome on WINDOWS (323b3e521c905dc523f7cd99233c6588)] -> xpath: //span[@class='regpath__button-next-text']]
2023-06-12 17:06:289 INFO  AccountPage :187 - Clicking on marketing checkbox: [[ChromeDriver: chrome on WINDOWS (323b3e521c905dc523f7cd99233c6588)] -> xpath: //label[@for='marketing_opt_in']]
2023-06-12 17:06:377 INFO  AccountPage :193 - Clicking on terms checkbox: [[ChromeDriver: chrome on WINDOWS (323b3e521c905dc523f7cd99233c6588)] -> xpath: //label[@for='terms_privacy_policy']]
2023-06-12 17:06:435 INFO  AccountPage :199 - Clicking on create account tab: [[ChromeDriver: chrome on WINDOWS (323b3e521c905dc523f7cd99233c6588)] -> xpath: //button[contains(text(),'Create Account')]]
2023-06-14 09:06:258 INFO  HomePage :37 - Clicking on sign up link: [[ChromeDriver: chrome on WINDOWS (c95d40af85ddf08640d4c2acbcf7e744)] -> link text: Log In]
2023-06-14 09:06:538 INFO  LoginPage :30 - Enter username john@123gmail.com to firstName field Proxy element for: DefaultElementLocator 'By.id: username'
2023-06-14 09:06:439 INFO  HomePage :37 - Clicking on sign up link: [[ChromeDriver: chrome on WINDOWS (d5b44cd413033ff6b0aebf0863085939)] -> link text: Log In]
2023-06-14 09:06:426 INFO  HomePage :37 - Clicking on sign up link: [[ChromeDriver: chrome on WINDOWS (b3bb16aa1902453a9a9d770906eb9ef2)] -> link text: Log In]
2023-06-14 10:06:874 INFO  HomePage :37 - Clicking on sign up link: [[ChromeDriver: chrome on WINDOWS (30ebe857afa3a2cf46dc076ea5f93d31)] -> link text: Log In]
2023-06-14 10:06:872 INFO  HomePage :37 - Clicking on sign up link: [[ChromeDriver: chrome on WINDOWS (0eef97012d0725614eba9be0b43bc409)] -> link text: Log In]
2023-06-14 10:06:413 INFO  LoginPage :37 - Enter username john@123gmail.com to firstName field [[ChromeDriver: chrome on WINDOWS (0eef97012d0725614eba9be0b43bc409)] -> id: username]
2023-06-14 10:06:124 INFO  LoginPage :44 - Enter password Password1234 to password field [[ChromeDriver: chrome on WINDOWS (0eef97012d0725614eba9be0b43bc409)] -> id: password]
2023-06-14 10:06:713 INFO  LoginPage :52 - Clicking on login button: [[ChromeDriver: chrome on WINDOWS (0eef97012d0725614eba9be0b43bc409)] -> name: login_submit]
2023-06-15 17:06:801 INFO  HomePage :31 - Clicking on sign up link: [[ChromeDriver: chrome on WINDOWS (a55b46aba12b97f953b67c1cb049b408)] -> link text: Sign Up]
2023-06-15 17:06:951 INFO  AccountPage :83 - Enter first name Maria to firstName field [[ChromeDriver: chrome on WINDOWS (a55b46aba12b97f953b67c1cb049b408)] -> id: first_name]
2023-06-15 17:06:735 INFO  AccountPage :89 - Enter last name Smith to lastName field [[ChromeDriver: chrome on WINDOWS (a55b46aba12b97f953b67c1cb049b408)] -> id: last_name]
2023-06-15 17:06:691 INFO  AccountPage :95 - Clicking on continue tab on account page: [[ChromeDriver: chrome on WINDOWS (a55b46aba12b97f953b67c1cb049b408)] -> xpath: //span[contains(text(),'Continue')]]
2023-06-15 17:06:168 INFO  AccountPage :100 - Clicking on female tab on account page: [[ChromeDriver: chrome on WINDOWS (a55b46aba12b97f953b67c1cb049b408)] -> xpath: //label[normalize-space()='Female']]
2023-06-15 17:06:53 INFO  AccountPage :106 - Enter email [[ChromeDriver: chrome on WINDOWS (a55b46aba12b97f953b67c1cb049b408)] -> id: regpath_form_email_input]
2023-06-15 17:06:950 INFO  AccountPage :111 - Enter password Password@123 to password field [[ChromeDriver: chrome on WINDOWS (a55b46aba12b97f953b67c1cb049b408)] -> id: password]
2023-06-15 17:06:804 INFO  AccountPage :117 - Enter mobile number 7852658932 to mobile number field [[ChromeDriver: chrome on WINDOWS (a55b46aba12b97f953b67c1cb049b408)] -> id: phone_number]
2023-06-15 17:06:366 INFO  AccountPage :123 - Select a day from drop down 
2023-06-15 17:06:703 INFO  AccountPage :129 - Select a month from drop down 
2023-06-15 17:06:201 INFO  AccountPage :135 - Select a year from drop down 
2023-06-15 17:06:827 INFO  AccountPage :142 - Enter house number 4,CrossWay to address field [[ChromeDriver: chrome on WINDOWS (a55b46aba12b97f953b67c1cb049b408)] -> id: address1]
2023-06-15 17:06:613 INFO  AccountPage :147 - Enter locality  Slough to address field [[ChromeDriver: chrome on WINDOWS (a55b46aba12b97f953b67c1cb049b408)] -> xpath: (//input[@id='address2'])[1]]
2023-06-15 17:06:108 INFO  AccountPage :152 - Enter city  Reading to address field [[ChromeDriver: chrome on WINDOWS (a55b46aba12b97f953b67c1cb049b408)] -> id: address3]
2023-06-15 17:06:712 INFO  AccountPage :158 - Enter postcode  OX189FG to address field [[ChromeDriver: chrome on WINDOWS (a55b46aba12b97f953b67c1cb049b408)] -> id: postcode]
2023-06-15 17:06:254 INFO  AccountPage :163 - Clicking on continue tab on account page: [[ChromeDriver: chrome on WINDOWS (a55b46aba12b97f953b67c1cb049b408)] -> xpath: //span[@class='regpath__button-next-text']]
2023-06-15 17:06:556 INFO  AccountPage :167 - Clicking on marketing checkbox: [[ChromeDriver: chrome on WINDOWS (a55b46aba12b97f953b67c1cb049b408)] -> xpath: //label[@for='marketing_opt_in']]
2023-06-15 17:06:656 INFO  AccountPage :173 - Clicking on terms checkbox: [[ChromeDriver: chrome on WINDOWS (a55b46aba12b97f953b67c1cb049b408)] -> xpath: //label[@for='terms_privacy_policy']]
2023-06-15 17:06:774 INFO  AccountPage :179 - Clicking on create account tab: [[ChromeDriver: chrome on WINDOWS (a55b46aba12b97f953b67c1cb049b408)] -> xpath: //button[contains(text(),'Create Account')]]
